{"C:\\Users\\yaish\\OneDrive\\שולחן העבודה\\WeRent\\serverSide\\src\\app.ts": {"path":"C:\\Users\\yaish\\OneDrive\\שולחן העבודה\\WeRent\\serverSide\\src\\app.ts","statementMap":{"0":{"start":{"line":1,"column":0},"end":{"line":1,"column":43}},"1":{"start":{"line":2,"column":0},"end":{"line":2,"column":28}},"2":{"start":{"line":3,"column":0},"end":{"line":3,"column":16}},"3":{"start":{"line":4,"column":0},"end":{"line":4,"column":32}},"4":{"start":{"line":5,"column":0},"end":{"line":5,"column":37}},"5":{"start":{"line":6,"column":0},"end":{"line":6,"column":24}},"6":{"start":{"line":7,"column":0},"end":{"line":7,"column":44}},"7":{"start":{"line":8,"column":0},"end":{"line":8,"column":44}},"8":{"start":{"line":9,"column":0},"end":{"line":9,"column":54}},"9":{"start":{"line":10,"column":0},"end":{"line":10,"column":57}},"10":{"start":{"line":11,"column":0},"end":{"line":11,"column":44}},"11":{"start":{"line":13,"column":16},"end":{"line":43,"column":1}},"12":{"start":{"line":14,"column":19},"end":{"line":41,"column":7}},"13":{"start":{"line":15,"column":17},"end":{"line":15,"column":36}},"14":{"start":{"line":16,"column":6},"end":{"line":16,"column":52}},"15":{"start":{"line":16,"column":29},"end":{"line":16,"column":50}},"16":{"start":{"line":17,"column":6},"end":{"line":17,"column":68}},"17":{"start":{"line":17,"column":26},"end":{"line":17,"column":66}},"18":{"start":{"line":18,"column":18},"end":{"line":18,"column":42}},"19":{"start":{"line":19,"column":6},"end":{"line":40,"column":10}},"20":{"start":{"line":20,"column":18},"end":{"line":20,"column":27}},"21":{"start":{"line":22,"column":8},"end":{"line":22,"column":72}},"22":{"start":{"line":23,"column":8},"end":{"line":23,"column":35}},"23":{"start":{"line":26,"column":8},"end":{"line":26,"column":24}},"24":{"start":{"line":29,"column":8},"end":{"line":29,"column":36}},"25":{"start":{"line":30,"column":8},"end":{"line":30,"column":36}},"26":{"start":{"line":31,"column":8},"end":{"line":31,"column":46}},"27":{"start":{"line":32,"column":8},"end":{"line":32,"column":48}},"28":{"start":{"line":33,"column":8},"end":{"line":33,"column":36}},"29":{"start":{"line":34,"column":8},"end":{"line":34,"column":53}},"30":{"start":{"line":35,"column":8},"end":{"line":35,"column":60}},"31":{"start":{"line":36,"column":8},"end":{"line":38,"column":11}},"32":{"start":{"line":37,"column":10},"end":{"line":37,"column":null}},"33":{"start":{"line":39,"column":8},"end":{"line":39,"column":21}},"34":{"start":{"line":42,"column":2},"end":{"line":42,"column":17}},"35":{"start":{"line":45,"column":0},"end":{"line":45,"column":23}}},"fnMap":{"0":{"name":"(anonymous_1)","decl":{"start":{"line":13,"column":16},"end":{"line":13,"column":37}},"loc":{"start":{"line":13,"column":39},"end":{"line":43,"column":1}}},"1":{"name":"(anonymous_2)","decl":{"start":{"line":14,"column":40},"end":{"line":14,"column":41}},"loc":{"start":{"line":14,"column":52},"end":{"line":41,"column":6}}},"2":{"name":"(anonymous_3)","decl":{"start":{"line":16,"column":21},"end":{"line":16,"column":26}},"loc":{"start":{"line":16,"column":28},"end":{"line":16,"column":50}}},"3":{"name":"(anonymous_4)","decl":{"start":{"line":17,"column":22},"end":{"line":17,"column":24}},"loc":{"start":{"line":17,"column":26},"end":{"line":17,"column":66}}},"4":{"name":"(anonymous_5)","decl":{"start":{"line":19,"column":34},"end":{"line":19,"column":37}},"loc":{"start":{"line":19,"column":39},"end":{"line":40,"column":8}}},"5":{"name":"(anonymous_6)","decl":{"start":{"line":36,"column":21},"end":{"line":36,"column":22}},"loc":{"start":{"line":36,"column":34},"end":{"line":38,"column":9}}}},"branchMap":{},"s":{"0":5,"1":5,"2":5,"3":5,"4":5,"5":5,"6":5,"7":5,"8":5,"9":5,"10":5,"11":5,"12":5,"13":5,"14":5,"15":0,"16":5,"17":5,"18":5,"19":5,"20":5,"21":5,"22":5,"23":5,"24":5,"25":5,"26":5,"27":5,"28":5,"29":5,"30":5,"31":5,"32":1,"33":5,"34":5,"35":5},"f":{"0":5,"1":5,"2":0,"3":5,"4":5,"5":1},"b":{}}
,"C:\\Users\\yaish\\OneDrive\\שולחן העבודה\\WeRent\\serverSide\\src\\common\\admin_middleware.ts": {"path":"C:\\Users\\yaish\\OneDrive\\שולחן העבודה\\WeRent\\serverSide\\src\\common\\admin_middleware.ts","statementMap":{"0":{"start":{"line":2,"column":0},"end":{"line":2,"column":31}},"1":{"start":{"line":3,"column":0},"end":{"line":3,"column":54}},"2":{"start":{"line":10,"column":24},"end":{"line":34,"column":null}},"3":{"start":{"line":10,"column":88},"end":{"line":34,"column":null}},"4":{"start":{"line":11,"column":23},"end":{"line":11,"column":51}},"5":{"start":{"line":12,"column":4},"end":{"line":14,"column":5}},"6":{"start":{"line":13,"column":8},"end":{"line":13,"column":68}},"7":{"start":{"line":15,"column":36},"end":{"line":15,"column":60}},"8":{"start":{"line":16,"column":4},"end":{"line":18,"column":5}},"9":{"start":{"line":17,"column":8},"end":{"line":17,"column":67}},"10":{"start":{"line":20,"column":19},"end":{"line":20,"column":60}},"11":{"start":{"line":21,"column":18},"end":{"line":21,"column":28}},"12":{"start":{"line":24,"column":17},"end":{"line":24,"column":53}},"13":{"start":{"line":26,"column":4},"end":{"line":32,"column":5}},"14":{"start":{"line":28,"column":8},"end":{"line":28,"column":15}},"15":{"start":{"line":31,"column":8},"end":{"line":31,"column":49}},"16":{"start":{"line":37,"column":0},"end":{"line":37,"column":31}}},"fnMap":{"0":{"name":"(anonymous_14)","decl":{"start":{"line":10,"column":24},"end":{"line":10,"column":31}},"loc":{"start":{"line":10,"column":88},"end":{"line":34,"column":null}}},"1":{"name":"(anonymous_15)","decl":{"start":{"line":10,"column":88},"end":{"line":10,"column":null}},"loc":{"start":{"line":10,"column":88},"end":{"line":34,"column":1}}}},"branchMap":{"0":{"loc":{"start":{"line":12,"column":4},"end":{"line":14,"column":5}},"type":"if","locations":[{"start":{"line":12,"column":4},"end":{"line":14,"column":5}}]},"1":{"loc":{"start":{"line":16,"column":4},"end":{"line":18,"column":5}},"type":"if","locations":[{"start":{"line":16,"column":4},"end":{"line":18,"column":5}}]},"2":{"loc":{"start":{"line":26,"column":4},"end":{"line":32,"column":5}},"type":"if","locations":[{"start":{"line":26,"column":4},"end":{"line":32,"column":5}},{"start":{"line":30,"column":8},"end":{"line":32,"column":5}}]}},"s":{"0":5,"1":5,"2":5,"3":11,"4":11,"5":11,"6":0,"7":11,"8":11,"9":0,"10":11,"11":11,"12":11,"13":11,"14":9,"15":2,"16":5},"f":{"0":11,"1":11},"b":{"0":[0],"1":[0],"2":[9,2]}}
,"C:\\Users\\yaish\\OneDrive\\שולחן העבודה\\WeRent\\serverSide\\src\\common\\auth_middleware.ts": {"path":"C:\\Users\\yaish\\OneDrive\\שולחן העבודה\\WeRent\\serverSide\\src\\common\\auth_middleware.ts","statementMap":{"0":{"start":{"line":2,"column":0},"end":{"line":2,"column":31}},"1":{"start":{"line":13,"column":23},"end":{"line":39,"column":null}},"2":{"start":{"line":13,"column":87},"end":{"line":39,"column":null}},"3":{"start":{"line":14,"column":23},"end":{"line":14,"column":51}},"4":{"start":{"line":15,"column":4},"end":{"line":17,"column":5}},"5":{"start":{"line":16,"column":8},"end":{"line":16,"column":68}},"6":{"start":{"line":18,"column":36},"end":{"line":18,"column":60}},"7":{"start":{"line":19,"column":4},"end":{"line":21,"column":5}},"8":{"start":{"line":20,"column":8},"end":{"line":20,"column":67}},"9":{"start":{"line":23,"column":4},"end":{"line":38,"column":5}},"10":{"start":{"line":24,"column":8},"end":{"line":34,"column":11}},"11":{"start":{"line":25,"column":12},"end":{"line":28,"column":13}},"12":{"start":{"line":27,"column":16},"end":{"line":27,"column":77}},"13":{"start":{"line":30,"column":12},"end":{"line":30,"column":47}},"14":{"start":{"line":31,"column":12},"end":{"line":31,"column":42}},"15":{"start":{"line":32,"column":12},"end":{"line":32,"column":48}},"16":{"start":{"line":33,"column":12},"end":{"line":33,"column":19}},"17":{"start":{"line":36,"column":8},"end":{"line":36,"column":48}},"18":{"start":{"line":37,"column":8},"end":{"line":37,"column":54}},"19":{"start":{"line":42,"column":0},"end":{"line":42,"column":30}}},"fnMap":{"0":{"name":"(anonymous_8)","decl":{"start":{"line":13,"column":23},"end":{"line":13,"column":30}},"loc":{"start":{"line":13,"column":87},"end":{"line":39,"column":null}}},"1":{"name":"(anonymous_9)","decl":{"start":{"line":13,"column":87},"end":{"line":13,"column":null}},"loc":{"start":{"line":13,"column":87},"end":{"line":39,"column":1}}},"2":{"name":"(anonymous_10)","decl":{"start":{"line":24,"column":50},"end":{"line":24,"column":51}},"loc":{"start":{"line":24,"column":70},"end":{"line":34,"column":9}}}},"branchMap":{"0":{"loc":{"start":{"line":15,"column":4},"end":{"line":17,"column":5}},"type":"if","locations":[{"start":{"line":15,"column":4},"end":{"line":17,"column":5}}]},"1":{"loc":{"start":{"line":19,"column":4},"end":{"line":21,"column":5}},"type":"if","locations":[{"start":{"line":19,"column":4},"end":{"line":21,"column":5}}]},"2":{"loc":{"start":{"line":25,"column":12},"end":{"line":28,"column":13}},"type":"if","locations":[{"start":{"line":25,"column":12},"end":{"line":28,"column":13}}]},"3":{"loc":{"start":{"line":31,"column":25},"end":{"line":31,"column":41}},"type":"binary-expr","locations":[{"start":{"line":31,"column":25},"end":{"line":31,"column":35}},{"start":{"line":31,"column":39},"end":{"line":31,"column":41}}]}},"s":{"0":5,"1":5,"2":45,"3":45,"4":45,"5":1,"6":44,"7":44,"8":0,"9":44,"10":44,"11":44,"12":2,"13":42,"14":42,"15":42,"16":42,"17":0,"18":0,"19":5},"f":{"0":45,"1":45,"2":44},"b":{"0":[1],"1":[0],"2":[2],"3":[42,42]}}
,"C:\\Users\\yaish\\OneDrive\\שולחן העבודה\\WeRent\\serverSide\\src\\common\\owner_middleware.ts": {"path":"C:\\Users\\yaish\\OneDrive\\שולחן העבודה\\WeRent\\serverSide\\src\\common\\owner_middleware.ts","statementMap":{"0":{"start":{"line":2,"column":0},"end":{"line":2,"column":31}},"1":{"start":{"line":3,"column":0},"end":{"line":3,"column":54}},"2":{"start":{"line":10,"column":24},"end":{"line":33,"column":null}},"3":{"start":{"line":10,"column":88},"end":{"line":33,"column":null}},"4":{"start":{"line":11,"column":23},"end":{"line":11,"column":51}},"5":{"start":{"line":12,"column":4},"end":{"line":14,"column":5}},"6":{"start":{"line":13,"column":8},"end":{"line":13,"column":68}},"7":{"start":{"line":15,"column":36},"end":{"line":15,"column":60}},"8":{"start":{"line":16,"column":4},"end":{"line":18,"column":5}},"9":{"start":{"line":17,"column":8},"end":{"line":17,"column":67}},"10":{"start":{"line":20,"column":19},"end":{"line":20,"column":60}},"11":{"start":{"line":21,"column":18},"end":{"line":21,"column":28}},"12":{"start":{"line":24,"column":17},"end":{"line":24,"column":53}},"13":{"start":{"line":25,"column":4},"end":{"line":31,"column":5}},"14":{"start":{"line":27,"column":8},"end":{"line":27,"column":15}},"15":{"start":{"line":30,"column":8},"end":{"line":30,"column":49}},"16":{"start":{"line":36,"column":0},"end":{"line":36,"column":31}}},"fnMap":{"0":{"name":"(anonymous_14)","decl":{"start":{"line":10,"column":24},"end":{"line":10,"column":31}},"loc":{"start":{"line":10,"column":88},"end":{"line":33,"column":null}}},"1":{"name":"(anonymous_15)","decl":{"start":{"line":10,"column":88},"end":{"line":10,"column":null}},"loc":{"start":{"line":10,"column":88},"end":{"line":33,"column":1}}}},"branchMap":{"0":{"loc":{"start":{"line":12,"column":4},"end":{"line":14,"column":5}},"type":"if","locations":[{"start":{"line":12,"column":4},"end":{"line":14,"column":5}}]},"1":{"loc":{"start":{"line":16,"column":4},"end":{"line":18,"column":5}},"type":"if","locations":[{"start":{"line":16,"column":4},"end":{"line":18,"column":5}}]},"2":{"loc":{"start":{"line":25,"column":4},"end":{"line":31,"column":5}},"type":"if","locations":[{"start":{"line":25,"column":4},"end":{"line":31,"column":5}},{"start":{"line":29,"column":8},"end":{"line":31,"column":5}}]}},"s":{"0":5,"1":5,"2":5,"3":8,"4":8,"5":8,"6":0,"7":8,"8":8,"9":0,"10":8,"11":8,"12":8,"13":8,"14":6,"15":2,"16":5},"f":{"0":8,"1":8},"b":{"0":[0],"1":[0],"2":[6,2]}}
,"C:\\Users\\yaish\\OneDrive\\שולחן העבודה\\WeRent\\serverSide\\src\\controllers\\apartment_controller.ts": {"path":"C:\\Users\\yaish\\OneDrive\\שולחן העבודה\\WeRent\\serverSide\\src\\controllers\\apartment_controller.ts","statementMap":{"0":{"start":{"line":2,"column":0},"end":{"line":2,"column":50}},"1":{"start":{"line":3,"column":0},"end":{"line":3,"column":54}},"2":{"start":{"line":13,"column":25},"end":{"line":20,"column":2}},"3":{"start":{"line":13,"column":78},"end":{"line":20,"column":2}},"4":{"start":{"line":14,"column":2},"end":{"line":19,"column":3}},"5":{"start":{"line":15,"column":23},"end":{"line":15,"column":45}},"6":{"start":{"line":16,"column":4},"end":{"line":16,"column":37}},"7":{"start":{"line":18,"column":4},"end":{"line":18,"column":67}},"8":{"start":{"line":22,"column":25},"end":{"line":39,"column":2}},"9":{"start":{"line":22,"column":78},"end":{"line":39,"column":2}},"10":{"start":{"line":23,"column":2},"end":{"line":38,"column":3}},"11":{"start":{"line":24,"column":19},"end":{"line":24,"column":29}},"12":{"start":{"line":25,"column":22},"end":{"line":25,"column":50}},"13":{"start":{"line":27,"column":4},"end":{"line":31,"column":5}},"14":{"start":{"line":29,"column":6},"end":{"line":29,"column":63}},"15":{"start":{"line":30,"column":6},"end":{"line":30,"column":13}},"16":{"start":{"line":33,"column":4},"end":{"line":33,"column":36}},"17":{"start":{"line":36,"column":4},"end":{"line":36,"column":23}},"18":{"start":{"line":37,"column":4},"end":{"line":37,"column":63}},"19":{"start":{"line":41,"column":24},"end":{"line":67,"column":2}},"20":{"start":{"line":44,"column":19},"end":{"line":67,"column":2}},"21":{"start":{"line":45,"column":2},"end":{"line":66,"column":3}},"22":{"start":{"line":46,"column":26},"end":{"line":46,"column":34}},"23":{"start":{"line":47,"column":4},"end":{"line":47,"column":27}},"24":{"start":{"line":48,"column":4},"end":{"line":48,"column":47}},"25":{"start":{"line":50,"column":29},"end":{"line":50,"column":62}},"26":{"start":{"line":51,"column":4},"end":{"line":51,"column":34}},"27":{"start":{"line":54,"column":4},"end":{"line":62,"column":5}},"28":{"start":{"line":55,"column":6},"end":{"line":59,"column":41}},"29":{"start":{"line":61,"column":6},"end":{"line":61,"column":45}},"30":{"start":{"line":64,"column":4},"end":{"line":64,"column":23}},"31":{"start":{"line":65,"column":4},"end":{"line":65,"column":68}},"32":{"start":{"line":69,"column":24},"end":{"line":157,"column":2}},"33":{"start":{"line":72,"column":19},"end":{"line":157,"column":2}},"34":{"start":{"line":73,"column":2},"end":{"line":156,"column":3}},"35":{"start":{"line":74,"column":35},"end":{"line":74,"column":43}},"36":{"start":{"line":75,"column":2},"end":{"line":75,"column":null}},"37":{"start":{"line":77,"column":30},"end":{"line":77,"column":58}},"38":{"start":{"line":78,"column":4},"end":{"line":81,"column":5}},"39":{"start":{"line":79,"column":6},"end":{"line":79,"column":50}},"40":{"start":{"line":80,"column":6},"end":{"line":80,"column":13}},"41":{"start":{"line":83,"column":29},"end":{"line":84,"column":null}},"42":{"start":{"line":86,"column":17},"end":{"line":86,"column":62}},"43":{"start":{"line":87,"column":17},"end":{"line":87,"column":27}},"44":{"start":{"line":89,"column":4},"end":{"line":95,"column":5}},"45":{"start":{"line":93,"column":6},"end":{"line":93,"column":44}},"46":{"start":{"line":94,"column":6},"end":{"line":94,"column":13}},"47":{"start":{"line":97,"column":30},"end":{"line":124,"column":null}},"48":{"start":{"line":127,"column":4},"end":{"line":130,"column":5}},"49":{"start":{"line":128,"column":6},"end":{"line":128,"column":70}},"50":{"start":{"line":129,"column":6},"end":{"line":129,"column":13}},"51":{"start":{"line":131,"column":4},"end":{"line":131,"column":null}},"52":{"start":{"line":134,"column":23},"end":{"line":137,"column":null}},"53":{"start":{"line":140,"column":4},"end":{"line":143,"column":5}},"54":{"start":{"line":141,"column":6},"end":{"line":141,"column":66}},"55":{"start":{"line":142,"column":6},"end":{"line":142,"column":13}},"56":{"start":{"line":146,"column":4},"end":{"line":150,"column":39}},"57":{"start":{"line":152,"column":4},"end":{"line":152,"column":44}},"58":{"start":{"line":154,"column":4},"end":{"line":154,"column":23}},"59":{"start":{"line":155,"column":4},"end":{"line":155,"column":68}},"60":{"start":{"line":159,"column":24},"end":{"line":196,"column":2}},"61":{"start":{"line":162,"column":19},"end":{"line":196,"column":2}},"62":{"start":{"line":163,"column":2},"end":{"line":195,"column":3}},"63":{"start":{"line":164,"column":24},"end":{"line":164,"column":37}},"64":{"start":{"line":165,"column":22},"end":{"line":165,"column":59}},"65":{"start":{"line":167,"column":26},"end":{"line":167,"column":50}},"66":{"start":{"line":168,"column":17},"end":{"line":168,"column":51}},"67":{"start":{"line":169,"column":17},"end":{"line":169,"column":27}},"68":{"start":{"line":171,"column":32},"end":{"line":171,"column":58}},"69":{"start":{"line":173,"column":4},"end":{"line":176,"column":5}},"70":{"start":{"line":174,"column":6},"end":{"line":174,"column":50}},"71":{"start":{"line":175,"column":6},"end":{"line":175,"column":13}},"72":{"start":{"line":178,"column":4},"end":{"line":181,"column":5}},"73":{"start":{"line":179,"column":6},"end":{"line":179,"column":44}},"74":{"start":{"line":180,"column":6},"end":{"line":180,"column":13}},"75":{"start":{"line":183,"column":4},"end":{"line":183,"column":51}},"76":{"start":{"line":185,"column":4},"end":{"line":189,"column":6}},"77":{"start":{"line":191,"column":4},"end":{"line":191,"column":59}},"78":{"start":{"line":193,"column":4},"end":{"line":193,"column":23}},"79":{"start":{"line":194,"column":4},"end":{"line":194,"column":50}},"80":{"start":{"line":198,"column":0},"end":{"line":204,"column":2}}},"fnMap":{"0":{"name":"(anonymous_14)","decl":{"start":{"line":13,"column":25},"end":{"line":13,"column":32}},"loc":{"start":{"line":13,"column":78},"end":{"line":20,"column":2}}},"1":{"name":"(anonymous_15)","decl":{"start":{"line":13,"column":78},"end":{"line":13,"column":null}},"loc":{"start":{"line":13,"column":78},"end":{"line":20,"column":1}}},"2":{"name":"(anonymous_16)","decl":{"start":{"line":22,"column":25},"end":{"line":22,"column":32}},"loc":{"start":{"line":22,"column":78},"end":{"line":39,"column":2}}},"3":{"name":"(anonymous_17)","decl":{"start":{"line":22,"column":78},"end":{"line":22,"column":null}},"loc":{"start":{"line":22,"column":78},"end":{"line":39,"column":1}}},"4":{"name":"(anonymous_18)","decl":{"start":{"line":41,"column":24},"end":{"line":41,"column":null}},"loc":{"start":{"line":44,"column":19},"end":{"line":67,"column":2}}},"5":{"name":"(anonymous_19)","decl":{"start":{"line":44,"column":19},"end":{"line":44,"column":null}},"loc":{"start":{"line":44,"column":19},"end":{"line":67,"column":1}}},"6":{"name":"(anonymous_20)","decl":{"start":{"line":69,"column":24},"end":{"line":69,"column":null}},"loc":{"start":{"line":72,"column":19},"end":{"line":157,"column":2}}},"7":{"name":"(anonymous_21)","decl":{"start":{"line":72,"column":19},"end":{"line":72,"column":null}},"loc":{"start":{"line":72,"column":19},"end":{"line":157,"column":1}}},"8":{"name":"(anonymous_22)","decl":{"start":{"line":159,"column":24},"end":{"line":159,"column":null}},"loc":{"start":{"line":162,"column":19},"end":{"line":196,"column":2}}},"9":{"name":"(anonymous_23)","decl":{"start":{"line":162,"column":19},"end":{"line":162,"column":null}},"loc":{"start":{"line":162,"column":19},"end":{"line":196,"column":1}}}},"branchMap":{"0":{"loc":{"start":{"line":27,"column":4},"end":{"line":31,"column":5}},"type":"if","locations":[{"start":{"line":27,"column":4},"end":{"line":31,"column":5}}]},"1":{"loc":{"start":{"line":54,"column":4},"end":{"line":62,"column":5}},"type":"if","locations":[{"start":{"line":54,"column":4},"end":{"line":62,"column":5}}]},"2":{"loc":{"start":{"line":78,"column":4},"end":{"line":81,"column":5}},"type":"if","locations":[{"start":{"line":78,"column":4},"end":{"line":81,"column":5}}]},"3":{"loc":{"start":{"line":89,"column":4},"end":{"line":95,"column":5}},"type":"if","locations":[{"start":{"line":89,"column":4},"end":{"line":95,"column":5}}]},"4":{"loc":{"start":{"line":90,"column":6},"end":{"line":91,"column":66}},"type":"binary-expr","locations":[{"start":{"line":90,"column":6},"end":{"line":90,"column":29}},{"start":{"line":91,"column":6},"end":{"line":91,"column":66}}]},"5":{"loc":{"start":{"line":127,"column":4},"end":{"line":130,"column":5}},"type":"if","locations":[{"start":{"line":127,"column":4},"end":{"line":130,"column":5}}]},"6":{"loc":{"start":{"line":140,"column":4},"end":{"line":143,"column":5}},"type":"if","locations":[{"start":{"line":140,"column":4},"end":{"line":143,"column":5}}]},"7":{"loc":{"start":{"line":173,"column":4},"end":{"line":176,"column":5}},"type":"if","locations":[{"start":{"line":173,"column":4},"end":{"line":176,"column":5}}]},"8":{"loc":{"start":{"line":178,"column":4},"end":{"line":181,"column":5}},"type":"if","locations":[{"start":{"line":178,"column":4},"end":{"line":181,"column":5}}]},"9":{"loc":{"start":{"line":178,"column":8},"end":{"line":178,"column":72}},"type":"binary-expr","locations":[{"start":{"line":178,"column":8},"end":{"line":178,"column":45}},{"start":{"line":178,"column":49},"end":{"line":178,"column":72}}]}},"s":{"0":5,"1":5,"2":5,"3":2,"4":2,"5":2,"6":2,"7":0,"8":5,"9":3,"10":3,"11":3,"12":3,"13":2,"14":1,"15":1,"16":1,"17":1,"18":1,"19":5,"20":3,"21":3,"22":3,"23":3,"24":3,"25":2,"26":2,"27":2,"28":2,"29":2,"30":1,"31":1,"32":5,"33":3,"34":3,"35":3,"36":3,"37":3,"38":3,"39":1,"40":1,"41":2,"42":2,"43":2,"44":2,"45":0,"46":0,"47":2,"48":2,"49":0,"50":0,"51":2,"52":2,"53":2,"54":0,"55":0,"56":2,"57":2,"58":0,"59":0,"60":5,"61":3,"62":3,"63":3,"64":3,"65":2,"66":2,"67":2,"68":2,"69":2,"70":0,"71":0,"72":2,"73":0,"74":0,"75":2,"76":2,"77":2,"78":1,"79":1,"80":5},"f":{"0":2,"1":2,"2":3,"3":3,"4":3,"5":3,"6":3,"7":3,"8":3,"9":3},"b":{"0":[1],"1":[2],"2":[1],"3":[0],"4":[2,1],"5":[0],"6":[0],"7":[0],"8":[0],"9":[2,1]}}
,"C:\\Users\\yaish\\OneDrive\\שולחן העבודה\\WeRent\\serverSide\\src\\controllers\\auth_controller.ts": {"path":"C:\\Users\\yaish\\OneDrive\\שולחן העבודה\\WeRent\\serverSide\\src\\controllers\\auth_controller.ts","statementMap":{"0":{"start":{"line":2,"column":0},"end":{"line":2,"column":51}},"1":{"start":{"line":3,"column":0},"end":{"line":3,"column":28}},"2":{"start":{"line":4,"column":0},"end":{"line":4,"column":31}},"3":{"start":{"line":5,"column":0},"end":{"line":5,"column":51}},"4":{"start":{"line":7,"column":15},"end":{"line":7,"column":33}},"5":{"start":{"line":10,"column":21},"end":{"line":41,"column":2}},"6":{"start":{"line":10,"column":59},"end":{"line":41,"column":2}},"7":{"start":{"line":11,"column":2},"end":{"line":11,"column":24}},"8":{"start":{"line":12,"column":2},"end":{"line":40,"column":3}},"9":{"start":{"line":13,"column":19},"end":{"line":16,"column":6}},"10":{"start":{"line":17,"column":20},"end":{"line":17,"column":39}},"11":{"start":{"line":18,"column":18},"end":{"line":18,"column":32}},"12":{"start":{"line":19,"column":4},"end":{"line":37,"column":5}},"13":{"start":{"line":20,"column":17},"end":{"line":20,"column":53}},"14":{"start":{"line":21,"column":6},"end":{"line":28,"column":7}},"15":{"start":{"line":22,"column":8},"end":{"line":27,"column":11}},"16":{"start":{"line":29,"column":21},"end":{"line":29,"column":47}},"17":{"start":{"line":30,"column":6},"end":{"line":36,"column":9}},"18":{"start":{"line":39,"column":4},"end":{"line":39,"column":45}},"19":{"start":{"line":44,"column":17},"end":{"line":93,"column":2}},"20":{"start":{"line":44,"column":55},"end":{"line":93,"column":2}},"21":{"start":{"line":45,"column":15},"end":{"line":45,"column":28}},"22":{"start":{"line":46,"column":16},"end":{"line":46,"column":30}},"23":{"start":{"line":47,"column":19},"end":{"line":47,"column":36}},"24":{"start":{"line":48,"column":15},"end":{"line":48,"column":29}},"25":{"start":{"line":49,"column":24},"end":{"line":49,"column":46}},"26":{"start":{"line":51,"column":2},"end":{"line":53,"column":3}},"27":{"start":{"line":52,"column":4},"end":{"line":52,"column":77}},"28":{"start":{"line":56,"column":20},"end":{"line":56,"column":38}},"29":{"start":{"line":57,"column":2},"end":{"line":59,"column":3}},"30":{"start":{"line":58,"column":4},"end":{"line":58,"column":66}},"31":{"start":{"line":62,"column":21},"end":{"line":62,"column":49}},"32":{"start":{"line":63,"column":2},"end":{"line":65,"column":3}},"33":{"start":{"line":64,"column":4},"end":{"line":64,"column":68}},"34":{"start":{"line":68,"column":2},"end":{"line":72,"column":3}},"35":{"start":{"line":69,"column":4},"end":{"line":71,"column":71}},"36":{"start":{"line":74,"column":2},"end":{"line":92,"column":3}},"37":{"start":{"line":75,"column":15},"end":{"line":75,"column":51}},"38":{"start":{"line":76,"column":4},"end":{"line":78,"column":5}},"39":{"start":{"line":77,"column":6},"end":{"line":77,"column":58}},"40":{"start":{"line":80,"column":17},"end":{"line":80,"column":41}},"41":{"start":{"line":81,"column":30},"end":{"line":81,"column":63}},"42":{"start":{"line":82,"column":16},"end":{"line":88,"column":6}},"43":{"start":{"line":89,"column":4},"end":{"line":89,"column":37}},"44":{"start":{"line":91,"column":4},"end":{"line":91,"column":34}},"45":{"start":{"line":95,"column":23},"end":{"line":117,"column":2}},"46":{"start":{"line":95,"column":45},"end":{"line":117,"column":2}},"47":{"start":{"line":96,"column":22},"end":{"line":99,"column":null}},"48":{"start":{"line":102,"column":23},"end":{"line":104,"column":null}},"49":{"start":{"line":107,"column":2},"end":{"line":111,"column":3}},"50":{"start":{"line":108,"column":4},"end":{"line":108,"column":33}},"51":{"start":{"line":110,"column":4},"end":{"line":110,"column":35}},"52":{"start":{"line":112,"column":2},"end":{"line":112,"column":20}},"53":{"start":{"line":113,"column":2},"end":{"line":116,"column":4}},"54":{"start":{"line":119,"column":14},"end":{"line":147,"column":2}},"55":{"start":{"line":119,"column":52},"end":{"line":147,"column":2}},"56":{"start":{"line":120,"column":2},"end":{"line":120,"column":23}},"57":{"start":{"line":121,"column":15},"end":{"line":121,"column":28}},"58":{"start":{"line":122,"column":16},"end":{"line":122,"column":30}},"59":{"start":{"line":123,"column":19},"end":{"line":123,"column":36}},"60":{"start":{"line":124,"column":2},"end":{"line":126,"column":3}},"61":{"start":{"line":125,"column":4},"end":{"line":125,"column":69}},"62":{"start":{"line":127,"column":2},"end":{"line":146,"column":3}},"63":{"start":{"line":128,"column":17},"end":{"line":128,"column":53}},"64":{"start":{"line":129,"column":4},"end":{"line":131,"column":5}},"65":{"start":{"line":130,"column":6},"end":{"line":130,"column":65}},"66":{"start":{"line":132,"column":21},"end":{"line":132,"column":31}},"67":{"start":{"line":133,"column":4},"end":{"line":133,"column":26}},"68":{"start":{"line":135,"column":20},"end":{"line":135,"column":65}},"69":{"start":{"line":136,"column":4},"end":{"line":138,"column":5}},"70":{"start":{"line":137,"column":6},"end":{"line":137,"column":65}},"71":{"start":{"line":140,"column":19},"end":{"line":140,"column":45}},"72":{"start":{"line":141,"column":4},"end":{"line":143,"column":61}},"73":{"start":{"line":145,"column":4},"end":{"line":145,"column":34}},"74":{"start":{"line":149,"column":15},"end":{"line":181,"column":2}},"75":{"start":{"line":149,"column":53},"end":{"line":181,"column":2}},"76":{"start":{"line":150,"column":21},"end":{"line":150,"column":49}},"77":{"start":{"line":151,"column":23},"end":{"line":151,"column":61}},"78":{"start":{"line":152,"column":2},"end":{"line":154,"column":3}},"79":{"start":{"line":153,"column":4},"end":{"line":153,"column":31}},"80":{"start":{"line":155,"column":2},"end":{"line":180,"column":4}},"81":{"start":{"line":158,"column":41},"end":{"line":179,"column":null}},"82":{"start":{"line":159,"column":6},"end":{"line":159,"column":23}},"83":{"start":{"line":160,"column":6},"end":{"line":162,"column":7}},"84":{"start":{"line":161,"column":8},"end":{"line":161,"column":35}},"85":{"start":{"line":163,"column":6},"end":{"line":178,"column":7}},"86":{"start":{"line":164,"column":27},"end":{"line":164,"column":64}},"87":{"start":{"line":165,"column":8},"end":{"line":175,"column":9}},"88":{"start":{"line":166,"column":10},"end":{"line":166,"column":33}},"89":{"start":{"line":167,"column":10},"end":{"line":167,"column":34}},"90":{"start":{"line":168,"column":10},"end":{"line":168,"column":37}},"91":{"start":{"line":170,"column":10},"end":{"line":172,"column":12}},"92":{"start":{"line":171,"column":23},"end":{"line":171,"column":45}},"93":{"start":{"line":173,"column":10},"end":{"line":173,"column":34}},"94":{"start":{"line":174,"column":10},"end":{"line":174,"column":33}},"95":{"start":{"line":177,"column":8},"end":{"line":177,"column":46}},"96":{"start":{"line":183,"column":16},"end":{"line":231,"column":2}},"97":{"start":{"line":183,"column":54},"end":{"line":231,"column":2}},"98":{"start":{"line":184,"column":21},"end":{"line":184,"column":49}},"99":{"start":{"line":185,"column":23},"end":{"line":185,"column":61}},"100":{"start":{"line":187,"column":2},"end":{"line":189,"column":3}},"101":{"start":{"line":188,"column":4},"end":{"line":188,"column":31}},"102":{"start":{"line":190,"column":2},"end":{"line":230,"column":4}},"103":{"start":{"line":193,"column":41},"end":{"line":229,"column":null}},"104":{"start":{"line":194,"column":6},"end":{"line":196,"column":7}},"105":{"start":{"line":195,"column":8},"end":{"line":195,"column":35}},"106":{"start":{"line":197,"column":6},"end":{"line":228,"column":7}},"107":{"start":{"line":198,"column":27},"end":{"line":198,"column":64}},"108":{"start":{"line":199,"column":8},"end":{"line":203,"column":9}},"109":{"start":{"line":200,"column":10},"end":{"line":200,"column":33}},"110":{"start":{"line":201,"column":10},"end":{"line":201,"column":34}},"111":{"start":{"line":206,"column":28},"end":{"line":209,"column":null}},"112":{"start":{"line":211,"column":32},"end":{"line":213,"column":null}},"113":{"start":{"line":216,"column":8},"end":{"line":218,"column":10}},"114":{"start":{"line":217,"column":21},"end":{"line":217,"column":43}},"115":{"start":{"line":219,"column":8},"end":{"line":219,"column":48}},"116":{"start":{"line":220,"column":8},"end":{"line":220,"column":32}},"117":{"start":{"line":222,"column":8},"end":{"line":225,"column":11}},"118":{"start":{"line":227,"column":8},"end":{"line":227,"column":46}},"119":{"start":{"line":233,"column":19},"end":{"line":246,"column":1}},"120":{"start":{"line":234,"column":20},"end":{"line":234,"column":28}},"121":{"start":{"line":236,"column":2},"end":{"line":238,"column":3}},"122":{"start":{"line":237,"column":4},"end":{"line":237,"column":66}},"123":{"start":{"line":239,"column":2},"end":{"line":245,"column":5}},"124":{"start":{"line":240,"column":4},"end":{"line":242,"column":5}},"125":{"start":{"line":241,"column":6},"end":{"line":241,"column":64}},"126":{"start":{"line":244,"column":4},"end":{"line":244,"column":56}},"127":{"start":{"line":248,"column":0},"end":{"line":256,"column":2}}},"fnMap":{"0":{"name":"(anonymous_8)","decl":{"start":{"line":10,"column":21},"end":{"line":10,"column":28}},"loc":{"start":{"line":10,"column":59},"end":{"line":41,"column":2}}},"1":{"name":"(anonymous_9)","decl":{"start":{"line":10,"column":59},"end":{"line":10,"column":null}},"loc":{"start":{"line":10,"column":59},"end":{"line":41,"column":1}}},"2":{"name":"(anonymous_10)","decl":{"start":{"line":44,"column":17},"end":{"line":44,"column":24}},"loc":{"start":{"line":44,"column":55},"end":{"line":93,"column":2}}},"3":{"name":"(anonymous_11)","decl":{"start":{"line":44,"column":55},"end":{"line":44,"column":null}},"loc":{"start":{"line":44,"column":55},"end":{"line":93,"column":1}}},"4":{"name":"(anonymous_12)","decl":{"start":{"line":95,"column":23},"end":{"line":95,"column":30}},"loc":{"start":{"line":95,"column":45},"end":{"line":117,"column":2}}},"5":{"name":"(anonymous_13)","decl":{"start":{"line":95,"column":45},"end":{"line":95,"column":null}},"loc":{"start":{"line":95,"column":45},"end":{"line":117,"column":1}}},"6":{"name":"(anonymous_14)","decl":{"start":{"line":119,"column":14},"end":{"line":119,"column":21}},"loc":{"start":{"line":119,"column":52},"end":{"line":147,"column":2}}},"7":{"name":"(anonymous_15)","decl":{"start":{"line":119,"column":52},"end":{"line":119,"column":null}},"loc":{"start":{"line":119,"column":52},"end":{"line":147,"column":1}}},"8":{"name":"(anonymous_16)","decl":{"start":{"line":149,"column":15},"end":{"line":149,"column":22}},"loc":{"start":{"line":149,"column":53},"end":{"line":181,"column":2}}},"9":{"name":"(anonymous_17)","decl":{"start":{"line":149,"column":53},"end":{"line":149,"column":null}},"loc":{"start":{"line":149,"column":53},"end":{"line":181,"column":1}}},"10":{"name":"(anonymous_18)","decl":{"start":{"line":158,"column":4},"end":{"line":158,"column":11}},"loc":{"start":{"line":158,"column":41},"end":{"line":179,"column":null}}},"11":{"name":"(anonymous_19)","decl":{"start":{"line":158,"column":41},"end":{"line":158,"column":null}},"loc":{"start":{"line":158,"column":41},"end":{"line":179,"column":5}}},"12":{"name":"(anonymous_20)","decl":{"start":{"line":171,"column":12},"end":{"line":171,"column":13}},"loc":{"start":{"line":171,"column":23},"end":{"line":171,"column":45}}},"13":{"name":"(anonymous_21)","decl":{"start":{"line":183,"column":16},"end":{"line":183,"column":23}},"loc":{"start":{"line":183,"column":54},"end":{"line":231,"column":2}}},"14":{"name":"(anonymous_22)","decl":{"start":{"line":183,"column":54},"end":{"line":183,"column":null}},"loc":{"start":{"line":183,"column":54},"end":{"line":231,"column":1}}},"15":{"name":"(anonymous_23)","decl":{"start":{"line":193,"column":4},"end":{"line":193,"column":11}},"loc":{"start":{"line":193,"column":41},"end":{"line":229,"column":null}}},"16":{"name":"(anonymous_24)","decl":{"start":{"line":193,"column":41},"end":{"line":193,"column":null}},"loc":{"start":{"line":193,"column":41},"end":{"line":229,"column":5}}},"17":{"name":"(anonymous_25)","decl":{"start":{"line":217,"column":10},"end":{"line":217,"column":11}},"loc":{"start":{"line":217,"column":21},"end":{"line":217,"column":43}}},"18":{"name":"(anonymous_26)","decl":{"start":{"line":233,"column":19},"end":{"line":233,"column":20}},"loc":{"start":{"line":233,"column":51},"end":{"line":246,"column":1}}},"19":{"name":"(anonymous_27)","decl":{"start":{"line":239,"column":44},"end":{"line":239,"column":45}},"loc":{"start":{"line":239,"column":52},"end":{"line":245,"column":3}}}},"branchMap":{"0":{"loc":{"start":{"line":18,"column":18},"end":{"line":18,"column":32}},"type":"cond-expr","locations":[{"start":{"line":18,"column":25},"end":{"line":18,"column":27}},{"start":{"line":18,"column":18},"end":{"line":18,"column":32}}]},"1":{"loc":{"start":{"line":18,"column":18},"end":{"line":18,"column":27}},"type":"binary-expr","locations":[{"start":{"line":18,"column":18},"end":{"line":18,"column":27}},{"start":{"line":18,"column":18},"end":{"line":18,"column":27}}]},"2":{"loc":{"start":{"line":19,"column":4},"end":{"line":37,"column":5}},"type":"if","locations":[{"start":{"line":19,"column":4},"end":{"line":37,"column":5}}]},"3":{"loc":{"start":{"line":21,"column":6},"end":{"line":28,"column":7}},"type":"if","locations":[{"start":{"line":21,"column":6},"end":{"line":28,"column":7}}]},"4":{"loc":{"start":{"line":23,"column":16},"end":{"line":23,"column":29}},"type":"cond-expr","locations":[{"start":{"line":23,"column":23},"end":{"line":23,"column":25}},{"start":{"line":23,"column":16},"end":{"line":23,"column":29}}]},"5":{"loc":{"start":{"line":23,"column":16},"end":{"line":23,"column":25}},"type":"binary-expr","locations":[{"start":{"line":23,"column":16},"end":{"line":23,"column":25}},{"start":{"line":23,"column":16},"end":{"line":23,"column":25}}]},"6":{"loc":{"start":{"line":26,"column":25},"end":{"line":26,"column":41}},"type":"cond-expr","locations":[{"start":{"line":26,"column":32},"end":{"line":26,"column":34}},{"start":{"line":26,"column":25},"end":{"line":26,"column":41}}]},"7":{"loc":{"start":{"line":26,"column":25},"end":{"line":26,"column":34}},"type":"binary-expr","locations":[{"start":{"line":26,"column":25},"end":{"line":26,"column":34}},{"start":{"line":26,"column":25},"end":{"line":26,"column":34}}]},"8":{"loc":{"start":{"line":51,"column":2},"end":{"line":53,"column":3}},"type":"if","locations":[{"start":{"line":51,"column":2},"end":{"line":53,"column":3}}]},"9":{"loc":{"start":{"line":51,"column":6},"end":{"line":51,"column":43}},"type":"binary-expr","locations":[{"start":{"line":51,"column":6},"end":{"line":51,"column":12}},{"start":{"line":51,"column":16},"end":{"line":51,"column":25}},{"start":{"line":51,"column":29},"end":{"line":51,"column":34}},{"start":{"line":51,"column":38},"end":{"line":51,"column":43}}]},"10":{"loc":{"start":{"line":57,"column":2},"end":{"line":59,"column":3}},"type":"if","locations":[{"start":{"line":57,"column":2},"end":{"line":59,"column":3}}]},"11":{"loc":{"start":{"line":63,"column":2},"end":{"line":65,"column":3}},"type":"if","locations":[{"start":{"line":63,"column":2},"end":{"line":65,"column":3}}]},"12":{"loc":{"start":{"line":68,"column":2},"end":{"line":72,"column":3}},"type":"if","locations":[{"start":{"line":68,"column":2},"end":{"line":72,"column":3}}]},"13":{"loc":{"start":{"line":76,"column":4},"end":{"line":78,"column":5}},"type":"if","locations":[{"start":{"line":76,"column":4},"end":{"line":78,"column":5}}]},"14":{"loc":{"start":{"line":107,"column":2},"end":{"line":111,"column":3}},"type":"if","locations":[{"start":{"line":107,"column":2},"end":{"line":111,"column":3}},{"start":{"line":109,"column":9},"end":{"line":111,"column":3}}]},"15":{"loc":{"start":{"line":124,"column":2},"end":{"line":126,"column":3}},"type":"if","locations":[{"start":{"line":124,"column":2},"end":{"line":126,"column":3}}]},"16":{"loc":{"start":{"line":124,"column":6},"end":{"line":124,"column":34}},"type":"binary-expr","locations":[{"start":{"line":124,"column":6},"end":{"line":124,"column":12}},{"start":{"line":124,"column":16},"end":{"line":124,"column":25}},{"start":{"line":124,"column":29},"end":{"line":124,"column":34}}]},"17":{"loc":{"start":{"line":129,"column":4},"end":{"line":131,"column":5}},"type":"if","locations":[{"start":{"line":129,"column":4},"end":{"line":131,"column":5}}]},"18":{"loc":{"start":{"line":136,"column":4},"end":{"line":138,"column":5}},"type":"if","locations":[{"start":{"line":136,"column":4},"end":{"line":138,"column":5}}]},"19":{"loc":{"start":{"line":151,"column":23},"end":{"line":151,"column":61}},"type":"binary-expr","locations":[{"start":{"line":151,"column":23},"end":{"line":151,"column":33}},{"start":{"line":151,"column":37},"end":{"line":151,"column":61}}]},"20":{"loc":{"start":{"line":152,"column":2},"end":{"line":154,"column":3}},"type":"if","locations":[{"start":{"line":152,"column":2},"end":{"line":154,"column":3}}]},"21":{"loc":{"start":{"line":160,"column":6},"end":{"line":162,"column":7}},"type":"if","locations":[{"start":{"line":160,"column":6},"end":{"line":162,"column":7}}]},"22":{"loc":{"start":{"line":165,"column":8},"end":{"line":175,"column":9}},"type":"if","locations":[{"start":{"line":165,"column":8},"end":{"line":175,"column":9}},{"start":{"line":169,"column":15},"end":{"line":175,"column":9}}]},"23":{"loc":{"start":{"line":165,"column":12},"end":{"line":165,"column":75}},"type":"binary-expr","locations":[{"start":{"line":165,"column":12},"end":{"line":165,"column":30}},{"start":{"line":165,"column":34},"end":{"line":165,"column":75}}]},"24":{"loc":{"start":{"line":185,"column":23},"end":{"line":185,"column":61}},"type":"binary-expr","locations":[{"start":{"line":185,"column":23},"end":{"line":185,"column":33}},{"start":{"line":185,"column":37},"end":{"line":185,"column":61}}]},"25":{"loc":{"start":{"line":187,"column":2},"end":{"line":189,"column":3}},"type":"if","locations":[{"start":{"line":187,"column":2},"end":{"line":189,"column":3}}]},"26":{"loc":{"start":{"line":194,"column":6},"end":{"line":196,"column":7}},"type":"if","locations":[{"start":{"line":194,"column":6},"end":{"line":196,"column":7}}]},"27":{"loc":{"start":{"line":199,"column":8},"end":{"line":203,"column":9}},"type":"if","locations":[{"start":{"line":199,"column":8},"end":{"line":203,"column":9}}]},"28":{"loc":{"start":{"line":199,"column":12},"end":{"line":199,"column":75}},"type":"binary-expr","locations":[{"start":{"line":199,"column":12},"end":{"line":199,"column":30}},{"start":{"line":199,"column":34},"end":{"line":199,"column":75}}]},"29":{"loc":{"start":{"line":236,"column":2},"end":{"line":238,"column":3}},"type":"if","locations":[{"start":{"line":236,"column":2},"end":{"line":238,"column":3}}]},"30":{"loc":{"start":{"line":240,"column":4},"end":{"line":242,"column":5}},"type":"if","locations":[{"start":{"line":240,"column":4},"end":{"line":242,"column":5}}]}},"s":{"0":5,"1":5,"2":5,"3":5,"4":5,"5":5,"6":1,"7":1,"8":1,"9":1,"10":0,"11":0,"12":0,"13":0,"14":0,"15":0,"16":0,"17":0,"18":1,"19":5,"20":18,"21":18,"22":18,"23":18,"24":18,"25":18,"26":18,"27":5,"28":13,"29":13,"30":1,"31":12,"32":12,"33":1,"34":11,"35":0,"36":11,"37":11,"38":11,"39":1,"40":10,"41":10,"42":10,"43":10,"44":0,"45":5,"46":10,"47":10,"48":10,"49":10,"50":0,"51":10,"52":10,"53":10,"54":5,"55":12,"56":12,"57":12,"58":12,"59":12,"60":12,"61":1,"62":11,"63":11,"64":11,"65":1,"66":10,"67":10,"68":10,"69":10,"70":0,"71":10,"72":10,"73":0,"74":5,"75":2,"76":2,"77":2,"78":2,"79":1,"80":1,"81":1,"82":1,"83":1,"84":1,"85":0,"86":0,"87":0,"88":0,"89":0,"90":0,"91":0,"92":0,"93":0,"94":0,"95":0,"96":5,"97":3,"98":3,"99":3,"100":3,"101":2,"102":1,"103":1,"104":1,"105":0,"106":1,"107":1,"108":1,"109":0,"110":0,"111":1,"112":1,"113":1,"114":1,"115":1,"116":1,"117":1,"118":0,"119":5,"120":3,"121":3,"122":1,"123":2,"124":2,"125":1,"126":1,"127":5},"f":{"0":1,"1":1,"2":18,"3":18,"4":10,"5":10,"6":12,"7":12,"8":2,"9":2,"10":1,"11":1,"12":0,"13":3,"14":3,"15":1,"16":1,"17":1,"18":3,"19":2},"b":{"0":[0,0],"1":[0,0],"2":[0],"3":[0],"4":[0,0],"5":[0,0],"6":[0,0],"7":[0,0],"8":[5],"9":[18,16,15,14],"10":[1],"11":[1],"12":[0],"13":[1],"14":[0,10],"15":[1],"16":[12,11,11],"17":[1],"18":[0],"19":[2,1],"20":[1],"21":[1],"22":[0,0],"23":[0,0],"24":[3,2],"25":[2],"26":[0],"27":[0],"28":[1,1],"29":[1],"30":[1]}}
,"C:\\Users\\yaish\\OneDrive\\שולחן העבודה\\WeRent\\serverSide\\src\\controllers\\user_controller.ts": {"path":"C:\\Users\\yaish\\OneDrive\\שולחן העבודה\\WeRent\\serverSide\\src\\controllers\\user_controller.ts","statementMap":{"0":{"start":{"line":2,"column":0},"end":{"line":2,"column":51}},"1":{"start":{"line":3,"column":0},"end":{"line":3,"column":28}},"2":{"start":{"line":4,"column":0},"end":{"line":4,"column":50}},"3":{"start":{"line":13,"column":20},"end":{"line":20,"column":2}},"4":{"start":{"line":13,"column":73},"end":{"line":20,"column":2}},"5":{"start":{"line":14,"column":2},"end":{"line":19,"column":3}},"6":{"start":{"line":15,"column":18},"end":{"line":15,"column":35}},"7":{"start":{"line":16,"column":4},"end":{"line":16,"column":32}},"8":{"start":{"line":18,"column":4},"end":{"line":18,"column":62}},"9":{"start":{"line":22,"column":20},"end":{"line":40,"column":2}},"10":{"start":{"line":22,"column":73},"end":{"line":40,"column":2}},"11":{"start":{"line":23,"column":2},"end":{"line":39,"column":3}},"12":{"start":{"line":24,"column":19},"end":{"line":24,"column":29}},"13":{"start":{"line":27,"column":17},"end":{"line":27,"column":40}},"14":{"start":{"line":30,"column":4},"end":{"line":33,"column":5}},"15":{"start":{"line":31,"column":6},"end":{"line":31,"column":45}},"16":{"start":{"line":32,"column":6},"end":{"line":32,"column":13}},"17":{"start":{"line":35,"column":4},"end":{"line":35,"column":31}},"18":{"start":{"line":37,"column":4},"end":{"line":37,"column":48}},"19":{"start":{"line":38,"column":4},"end":{"line":38,"column":65}},"20":{"start":{"line":42,"column":23},"end":{"line":51,"column":2}},"21":{"start":{"line":42,"column":76},"end":{"line":51,"column":2}},"22":{"start":{"line":43,"column":2},"end":{"line":50,"column":3}},"23":{"start":{"line":44,"column":22},"end":{"line":44,"column":32}},"24":{"start":{"line":45,"column":17},"end":{"line":45,"column":46}},"25":{"start":{"line":47,"column":4},"end":{"line":47,"column":31}},"26":{"start":{"line":49,"column":4},"end":{"line":49,"column":67}},"27":{"start":{"line":53,"column":19},"end":{"line":87,"column":2}},"28":{"start":{"line":53,"column":72},"end":{"line":87,"column":2}},"29":{"start":{"line":54,"column":2},"end":{"line":86,"column":3}},"30":{"start":{"line":55,"column":19},"end":{"line":55,"column":27}},"31":{"start":{"line":56,"column":38},"end":{"line":56,"column":51}},"32":{"start":{"line":58,"column":4},"end":{"line":58,"column":40}},"33":{"start":{"line":59,"column":4},"end":{"line":66,"column":5}},"34":{"start":{"line":60,"column":6},"end":{"line":64,"column":10}},"35":{"start":{"line":65,"column":6},"end":{"line":65,"column":13}},"36":{"start":{"line":68,"column":17},"end":{"line":68,"column":41}},"37":{"start":{"line":69,"column":30},"end":{"line":69,"column":63}},"38":{"start":{"line":71,"column":24},"end":{"line":74,"column":null}},"39":{"start":{"line":77,"column":4},"end":{"line":80,"column":5}},"40":{"start":{"line":78,"column":6},"end":{"line":78,"column":45}},"41":{"start":{"line":79,"column":6},"end":{"line":79,"column":13}},"42":{"start":{"line":82,"column":4},"end":{"line":82,"column":38}},"43":{"start":{"line":84,"column":4},"end":{"line":84,"column":47}},"44":{"start":{"line":85,"column":4},"end":{"line":85,"column":64}},"45":{"start":{"line":89,"column":19},"end":{"line":113,"column":2}},"46":{"start":{"line":89,"column":72},"end":{"line":113,"column":2}},"47":{"start":{"line":90,"column":2},"end":{"line":112,"column":3}},"48":{"start":{"line":91,"column":19},"end":{"line":91,"column":29}},"49":{"start":{"line":93,"column":4},"end":{"line":96,"column":5}},"50":{"start":{"line":94,"column":6},"end":{"line":94,"column":63}},"51":{"start":{"line":95,"column":6},"end":{"line":95,"column":13}},"52":{"start":{"line":98,"column":24},"end":{"line":98,"column":56}},"53":{"start":{"line":100,"column":4},"end":{"line":103,"column":5}},"54":{"start":{"line":101,"column":6},"end":{"line":101,"column":45}},"55":{"start":{"line":102,"column":6},"end":{"line":102,"column":13}},"56":{"start":{"line":106,"column":4},"end":{"line":106,"column":46}},"57":{"start":{"line":108,"column":4},"end":{"line":108,"column":67}},"58":{"start":{"line":110,"column":4},"end":{"line":110,"column":47}},"59":{"start":{"line":111,"column":4},"end":{"line":111,"column":64}},"60":{"start":{"line":115,"column":25},"end":{"line":158,"column":2}},"61":{"start":{"line":118,"column":19},"end":{"line":158,"column":2}},"62":{"start":{"line":119,"column":28},"end":{"line":119,"column":38}},"63":{"start":{"line":121,"column":2},"end":{"line":124,"column":3}},"64":{"start":{"line":122,"column":4},"end":{"line":122,"column":73}},"65":{"start":{"line":123,"column":4},"end":{"line":123,"column":11}},"66":{"start":{"line":126,"column":51},"end":{"line":126,"column":64}},"67":{"start":{"line":127,"column":2},"end":{"line":127,"column":29}},"68":{"start":{"line":128,"column":2},"end":{"line":135,"column":3}},"69":{"start":{"line":129,"column":4},"end":{"line":133,"column":8}},"70":{"start":{"line":134,"column":4},"end":{"line":134,"column":11}},"71":{"start":{"line":137,"column":2},"end":{"line":157,"column":3}},"72":{"start":{"line":138,"column":4},"end":{"line":138,"column":26}},"73":{"start":{"line":139,"column":17},"end":{"line":139,"column":41}},"74":{"start":{"line":140,"column":30},"end":{"line":140,"column":63}},"75":{"start":{"line":142,"column":24},"end":{"line":145,"column":null}},"76":{"start":{"line":147,"column":4},"end":{"line":147,"column":29}},"77":{"start":{"line":148,"column":4},"end":{"line":151,"column":5}},"78":{"start":{"line":149,"column":6},"end":{"line":149,"column":45}},"79":{"start":{"line":150,"column":6},"end":{"line":150,"column":13}},"80":{"start":{"line":153,"column":4},"end":{"line":153,"column":38}},"81":{"start":{"line":155,"column":4},"end":{"line":155,"column":53}},"82":{"start":{"line":156,"column":4},"end":{"line":156,"column":70}},"83":{"start":{"line":160,"column":24},"end":{"line":185,"column":2}},"84":{"start":{"line":163,"column":19},"end":{"line":185,"column":2}},"85":{"start":{"line":164,"column":2},"end":{"line":184,"column":3}},"86":{"start":{"line":165,"column":26},"end":{"line":165,"column":50}},"87":{"start":{"line":168,"column":31},"end":{"line":169,"column":null}},"88":{"start":{"line":172,"column":4},"end":{"line":175,"column":5}},"89":{"start":{"line":173,"column":6},"end":{"line":173,"column":56}},"90":{"start":{"line":174,"column":6},"end":{"line":174,"column":13}},"91":{"start":{"line":177,"column":25},"end":{"line":177,"column":56}},"92":{"start":{"line":180,"column":4},"end":{"line":180,"column":43}},"93":{"start":{"line":182,"column":4},"end":{"line":182,"column":25}},"94":{"start":{"line":183,"column":4},"end":{"line":183,"column":50}},"95":{"start":{"line":187,"column":25},"end":{"line":209,"column":2}},"96":{"start":{"line":190,"column":19},"end":{"line":209,"column":2}},"97":{"start":{"line":191,"column":2},"end":{"line":208,"column":3}},"98":{"start":{"line":192,"column":28},"end":{"line":192,"column":36}},"99":{"start":{"line":193,"column":26},"end":{"line":193,"column":50}},"100":{"start":{"line":195,"column":17},"end":{"line":195,"column":51}},"101":{"start":{"line":197,"column":4},"end":{"line":200,"column":5}},"102":{"start":{"line":198,"column":6},"end":{"line":198,"column":56}},"103":{"start":{"line":199,"column":6},"end":{"line":199,"column":13}},"104":{"start":{"line":202,"column":20},"end":{"line":202,"column":68}},"105":{"start":{"line":203,"column":4},"end":{"line":203,"column":25}},"106":{"start":{"line":204,"column":4},"end":{"line":204,"column":26}},"107":{"start":{"line":206,"column":4},"end":{"line":206,"column":25}},"108":{"start":{"line":207,"column":4},"end":{"line":207,"column":50}},"109":{"start":{"line":211,"column":19},"end":{"line":243,"column":2}},"110":{"start":{"line":211,"column":78},"end":{"line":243,"column":2}},"111":{"start":{"line":212,"column":2},"end":{"line":242,"column":3}},"112":{"start":{"line":213,"column":30},"end":{"line":213,"column":40}},"113":{"start":{"line":215,"column":4},"end":{"line":218,"column":5}},"114":{"start":{"line":216,"column":6},"end":{"line":216,"column":75}},"115":{"start":{"line":217,"column":6},"end":{"line":217,"column":13}},"116":{"start":{"line":220,"column":21},"end":{"line":220,"column":29}},"117":{"start":{"line":221,"column":4},"end":{"line":221,"column":26}},"118":{"start":{"line":222,"column":4},"end":{"line":225,"column":5}},"119":{"start":{"line":223,"column":6},"end":{"line":223,"column":22}},"120":{"start":{"line":224,"column":6},"end":{"line":224,"column":13}},"121":{"start":{"line":227,"column":24},"end":{"line":230,"column":null}},"122":{"start":{"line":232,"column":4},"end":{"line":232,"column":29}},"123":{"start":{"line":233,"column":4},"end":{"line":236,"column":5}},"124":{"start":{"line":234,"column":6},"end":{"line":234,"column":45}},"125":{"start":{"line":235,"column":6},"end":{"line":235,"column":13}},"126":{"start":{"line":238,"column":4},"end":{"line":238,"column":38}},"127":{"start":{"line":240,"column":4},"end":{"line":240,"column":53}},"128":{"start":{"line":241,"column":4},"end":{"line":241,"column":70}},"129":{"start":{"line":245,"column":0},"end":{"line":255,"column":2}}},"fnMap":{"0":{"name":"(anonymous_8)","decl":{"start":{"line":13,"column":20},"end":{"line":13,"column":27}},"loc":{"start":{"line":13,"column":73},"end":{"line":20,"column":2}}},"1":{"name":"(anonymous_9)","decl":{"start":{"line":13,"column":73},"end":{"line":13,"column":null}},"loc":{"start":{"line":13,"column":73},"end":{"line":20,"column":1}}},"2":{"name":"(anonymous_10)","decl":{"start":{"line":22,"column":20},"end":{"line":22,"column":27}},"loc":{"start":{"line":22,"column":73},"end":{"line":40,"column":2}}},"3":{"name":"(anonymous_11)","decl":{"start":{"line":22,"column":73},"end":{"line":22,"column":null}},"loc":{"start":{"line":22,"column":73},"end":{"line":40,"column":1}}},"4":{"name":"(anonymous_12)","decl":{"start":{"line":42,"column":23},"end":{"line":42,"column":30}},"loc":{"start":{"line":42,"column":76},"end":{"line":51,"column":2}}},"5":{"name":"(anonymous_13)","decl":{"start":{"line":42,"column":76},"end":{"line":42,"column":null}},"loc":{"start":{"line":42,"column":76},"end":{"line":51,"column":1}}},"6":{"name":"(anonymous_14)","decl":{"start":{"line":53,"column":19},"end":{"line":53,"column":26}},"loc":{"start":{"line":53,"column":72},"end":{"line":87,"column":2}}},"7":{"name":"(anonymous_15)","decl":{"start":{"line":53,"column":72},"end":{"line":53,"column":null}},"loc":{"start":{"line":53,"column":72},"end":{"line":87,"column":1}}},"8":{"name":"(anonymous_16)","decl":{"start":{"line":89,"column":19},"end":{"line":89,"column":26}},"loc":{"start":{"line":89,"column":72},"end":{"line":113,"column":2}}},"9":{"name":"(anonymous_17)","decl":{"start":{"line":89,"column":72},"end":{"line":89,"column":null}},"loc":{"start":{"line":89,"column":72},"end":{"line":113,"column":1}}},"10":{"name":"(anonymous_18)","decl":{"start":{"line":115,"column":25},"end":{"line":115,"column":null}},"loc":{"start":{"line":118,"column":19},"end":{"line":158,"column":2}}},"11":{"name":"(anonymous_19)","decl":{"start":{"line":118,"column":19},"end":{"line":118,"column":null}},"loc":{"start":{"line":118,"column":19},"end":{"line":158,"column":1}}},"12":{"name":"(anonymous_20)","decl":{"start":{"line":160,"column":24},"end":{"line":160,"column":null}},"loc":{"start":{"line":163,"column":19},"end":{"line":185,"column":2}}},"13":{"name":"(anonymous_21)","decl":{"start":{"line":163,"column":19},"end":{"line":163,"column":null}},"loc":{"start":{"line":163,"column":19},"end":{"line":185,"column":1}}},"14":{"name":"(anonymous_22)","decl":{"start":{"line":187,"column":25},"end":{"line":187,"column":null}},"loc":{"start":{"line":190,"column":19},"end":{"line":209,"column":2}}},"15":{"name":"(anonymous_23)","decl":{"start":{"line":190,"column":19},"end":{"line":190,"column":null}},"loc":{"start":{"line":190,"column":19},"end":{"line":209,"column":1}}},"16":{"name":"(anonymous_24)","decl":{"start":{"line":211,"column":19},"end":{"line":211,"column":26}},"loc":{"start":{"line":211,"column":78},"end":{"line":243,"column":2}}},"17":{"name":"(anonymous_25)","decl":{"start":{"line":211,"column":78},"end":{"line":211,"column":null}},"loc":{"start":{"line":211,"column":78},"end":{"line":243,"column":1}}}},"branchMap":{"0":{"loc":{"start":{"line":30,"column":4},"end":{"line":33,"column":5}},"type":"if","locations":[{"start":{"line":30,"column":4},"end":{"line":33,"column":5}}]},"1":{"loc":{"start":{"line":59,"column":4},"end":{"line":66,"column":5}},"type":"if","locations":[{"start":{"line":59,"column":4},"end":{"line":66,"column":5}}]},"2":{"loc":{"start":{"line":59,"column":8},"end":{"line":59,"column":36}},"type":"binary-expr","locations":[{"start":{"line":59,"column":8},"end":{"line":59,"column":13}},{"start":{"line":59,"column":17},"end":{"line":59,"column":23}},{"start":{"line":59,"column":27},"end":{"line":59,"column":36}}]},"3":{"loc":{"start":{"line":77,"column":4},"end":{"line":80,"column":5}},"type":"if","locations":[{"start":{"line":77,"column":4},"end":{"line":80,"column":5}}]},"4":{"loc":{"start":{"line":93,"column":4},"end":{"line":96,"column":5}},"type":"if","locations":[{"start":{"line":93,"column":4},"end":{"line":96,"column":5}}]},"5":{"loc":{"start":{"line":100,"column":4},"end":{"line":103,"column":5}},"type":"if","locations":[{"start":{"line":100,"column":4},"end":{"line":103,"column":5}}]},"6":{"loc":{"start":{"line":121,"column":2},"end":{"line":124,"column":3}},"type":"if","locations":[{"start":{"line":121,"column":2},"end":{"line":124,"column":3}}]},"7":{"loc":{"start":{"line":128,"column":2},"end":{"line":135,"column":3}},"type":"if","locations":[{"start":{"line":128,"column":2},"end":{"line":135,"column":3}}]},"8":{"loc":{"start":{"line":128,"column":6},"end":{"line":128,"column":52}},"type":"binary-expr","locations":[{"start":{"line":128,"column":6},"end":{"line":128,"column":11}},{"start":{"line":128,"column":15},"end":{"line":128,"column":21}},{"start":{"line":128,"column":25},"end":{"line":128,"column":34}},{"start":{"line":128,"column":38},"end":{"line":128,"column":52}}]},"9":{"loc":{"start":{"line":148,"column":4},"end":{"line":151,"column":5}},"type":"if","locations":[{"start":{"line":148,"column":4},"end":{"line":151,"column":5}}]},"10":{"loc":{"start":{"line":172,"column":4},"end":{"line":175,"column":5}},"type":"if","locations":[{"start":{"line":172,"column":4},"end":{"line":175,"column":5}}]},"11":{"loc":{"start":{"line":177,"column":25},"end":{"line":177,"column":56}},"type":"binary-expr","locations":[{"start":{"line":177,"column":25},"end":{"line":177,"column":50}},{"start":{"line":177,"column":54},"end":{"line":177,"column":56}}]},"12":{"loc":{"start":{"line":197,"column":4},"end":{"line":200,"column":5}},"type":"if","locations":[{"start":{"line":197,"column":4},"end":{"line":200,"column":5}}]},"13":{"loc":{"start":{"line":215,"column":4},"end":{"line":218,"column":5}},"type":"if","locations":[{"start":{"line":215,"column":4},"end":{"line":218,"column":5}}]},"14":{"loc":{"start":{"line":222,"column":4},"end":{"line":225,"column":5}},"type":"if","locations":[{"start":{"line":222,"column":4},"end":{"line":225,"column":5}}]},"15":{"loc":{"start":{"line":233,"column":4},"end":{"line":236,"column":5}},"type":"if","locations":[{"start":{"line":233,"column":4},"end":{"line":236,"column":5}}]}},"s":{"0":5,"1":5,"2":5,"3":5,"4":3,"5":3,"6":3,"7":3,"8":0,"9":5,"10":4,"11":4,"12":4,"13":4,"14":3,"15":1,"16":1,"17":2,"18":1,"19":1,"20":5,"21":1,"22":1,"23":1,"24":1,"25":1,"26":0,"27":5,"28":4,"29":4,"30":4,"31":4,"32":3,"33":3,"34":1,"35":1,"36":2,"37":2,"38":2,"39":2,"40":1,"41":1,"42":1,"43":1,"44":1,"45":5,"46":2,"47":2,"48":2,"49":2,"50":0,"51":0,"52":2,"53":2,"54":1,"55":1,"56":1,"57":1,"58":0,"59":0,"60":5,"61":2,"62":2,"63":2,"64":0,"65":0,"66":2,"67":2,"68":2,"69":1,"70":1,"71":1,"72":1,"73":1,"74":1,"75":1,"76":1,"77":1,"78":0,"79":0,"80":1,"81":0,"82":0,"83":5,"84":3,"85":3,"86":3,"87":3,"88":3,"89":0,"90":0,"91":3,"92":3,"93":0,"94":0,"95":5,"96":3,"97":3,"98":3,"99":3,"100":3,"101":3,"102":0,"103":0,"104":3,"105":2,"106":2,"107":1,"108":1,"109":5,"110":1,"111":1,"112":1,"113":1,"114":0,"115":0,"116":1,"117":1,"118":1,"119":0,"120":0,"121":1,"122":1,"123":1,"124":0,"125":0,"126":1,"127":0,"128":0,"129":5},"f":{"0":3,"1":3,"2":4,"3":4,"4":1,"5":1,"6":4,"7":4,"8":2,"9":2,"10":2,"11":2,"12":3,"13":3,"14":3,"15":3,"16":1,"17":1},"b":{"0":[1],"1":[1],"2":[3,1,1],"3":[1],"4":[0],"5":[1],"6":[0],"7":[1],"8":[2,1,1,1],"9":[0],"10":[0],"11":[3,0],"12":[0],"13":[0],"14":[0],"15":[0]}}
,"C:\\Users\\yaish\\OneDrive\\שולחן העבודה\\WeRent\\serverSide\\src\\controllers\\user_review_controller.ts": {"path":"C:\\Users\\yaish\\OneDrive\\שולחן העבודה\\WeRent\\serverSide\\src\\controllers\\user_review_controller.ts","statementMap":{"0":{"start":{"line":2,"column":0},"end":{"line":2,"column":70}},"1":{"start":{"line":3,"column":0},"end":{"line":3,"column":40}},"2":{"start":{"line":24,"column":21},"end":{"line":31,"column":2}},"3":{"start":{"line":24,"column":74},"end":{"line":31,"column":2}},"4":{"start":{"line":25,"column":2},"end":{"line":30,"column":3}},"5":{"start":{"line":26,"column":20},"end":{"line":26,"column":43}},"6":{"start":{"line":27,"column":4},"end":{"line":27,"column":34}},"7":{"start":{"line":29,"column":4},"end":{"line":29,"column":64}},"8":{"start":{"line":34,"column":21},"end":{"line":48,"column":2}},"9":{"start":{"line":34,"column":78},"end":{"line":48,"column":2}},"10":{"start":{"line":35,"column":2},"end":{"line":47,"column":3}},"11":{"start":{"line":36,"column":23},"end":{"line":36,"column":31}},"12":{"start":{"line":38,"column":19},"end":{"line":38,"column":43}},"13":{"start":{"line":39,"column":4},"end":{"line":39,"column":27}},"14":{"start":{"line":40,"column":4},"end":{"line":40,"column":58}},"15":{"start":{"line":41,"column":4},"end":{"line":41,"column":68}},"16":{"start":{"line":42,"column":4},"end":{"line":42,"column":50}},"17":{"start":{"line":43,"column":39},"end":{"line":43,"column":70}},"18":{"start":{"line":44,"column":4},"end":{"line":44,"column":40}},"19":{"start":{"line":46,"column":4},"end":{"line":46,"column":66}},"20":{"start":{"line":51,"column":26},"end":{"line":73,"column":2}},"21":{"start":{"line":51,"column":83},"end":{"line":73,"column":2}},"22":{"start":{"line":52,"column":2},"end":{"line":72,"column":5}},"23":{"start":{"line":53,"column":21},"end":{"line":53,"column":34}},"24":{"start":{"line":55,"column":19},"end":{"line":55,"column":54}},"25":{"start":{"line":56,"column":4},"end":{"line":59,"column":5}},"26":{"start":{"line":57,"column":6},"end":{"line":57,"column":47}},"27":{"start":{"line":58,"column":6},"end":{"line":58,"column":13}},"28":{"start":{"line":61,"column":17},"end":{"line":61,"column":62}},"29":{"start":{"line":62,"column":4},"end":{"line":65,"column":5}},"30":{"start":{"line":63,"column":6},"end":{"line":63,"column":61}},"31":{"start":{"line":64,"column":6},"end":{"line":64,"column":13}},"32":{"start":{"line":67,"column":4},"end":{"line":67,"column":49}},"33":{"start":{"line":68,"column":4},"end":{"line":68,"column":56}},"34":{"start":{"line":70,"column":4},"end":{"line":70,"column":23}},"35":{"start":{"line":71,"column":4},"end":{"line":71,"column":50}},"36":{"start":{"line":75,"column":21},"end":{"line":101,"column":2}},"37":{"start":{"line":75,"column":78},"end":{"line":101,"column":2}},"38":{"start":{"line":76,"column":2},"end":{"line":100,"column":5}},"39":{"start":{"line":77,"column":21},"end":{"line":77,"column":34}},"40":{"start":{"line":79,"column":19},"end":{"line":79,"column":54}},"41":{"start":{"line":80,"column":4},"end":{"line":83,"column":5}},"42":{"start":{"line":81,"column":6},"end":{"line":81,"column":47}},"43":{"start":{"line":82,"column":6},"end":{"line":82,"column":13}},"44":{"start":{"line":85,"column":17},"end":{"line":85,"column":62}},"45":{"start":{"line":87,"column":26},"end":{"line":87,"column":50}},"46":{"start":{"line":88,"column":18},"end":{"line":88,"column":37}},"47":{"start":{"line":90,"column":4},"end":{"line":93,"column":5}},"48":{"start":{"line":91,"column":6},"end":{"line":91,"column":60}},"49":{"start":{"line":92,"column":6},"end":{"line":92,"column":13}},"50":{"start":{"line":95,"column":4},"end":{"line":95,"column":49}},"51":{"start":{"line":96,"column":4},"end":{"line":96,"column":56}},"52":{"start":{"line":98,"column":4},"end":{"line":98,"column":23}},"53":{"start":{"line":99,"column":4},"end":{"line":99,"column":50}},"54":{"start":{"line":106,"column":0},"end":{"line":111,"column":2}}},"fnMap":{"0":{"name":"(anonymous_8)","decl":{"start":{"line":24,"column":21},"end":{"line":24,"column":28}},"loc":{"start":{"line":24,"column":74},"end":{"line":31,"column":2}}},"1":{"name":"(anonymous_9)","decl":{"start":{"line":24,"column":74},"end":{"line":24,"column":null}},"loc":{"start":{"line":24,"column":74},"end":{"line":31,"column":1}}},"2":{"name":"(anonymous_10)","decl":{"start":{"line":34,"column":21},"end":{"line":34,"column":28}},"loc":{"start":{"line":34,"column":78},"end":{"line":48,"column":2}}},"3":{"name":"(anonymous_11)","decl":{"start":{"line":34,"column":78},"end":{"line":34,"column":null}},"loc":{"start":{"line":34,"column":78},"end":{"line":48,"column":1}}},"4":{"name":"(anonymous_12)","decl":{"start":{"line":51,"column":26},"end":{"line":51,"column":33}},"loc":{"start":{"line":51,"column":83},"end":{"line":73,"column":2}}},"5":{"name":"(anonymous_13)","decl":{"start":{"line":51,"column":83},"end":{"line":51,"column":null}},"loc":{"start":{"line":51,"column":83},"end":{"line":73,"column":1}}},"6":{"name":"(anonymous_14)","decl":{"start":{"line":75,"column":21},"end":{"line":75,"column":28}},"loc":{"start":{"line":75,"column":78},"end":{"line":101,"column":2}}},"7":{"name":"(anonymous_15)","decl":{"start":{"line":75,"column":78},"end":{"line":75,"column":null}},"loc":{"start":{"line":75,"column":78},"end":{"line":101,"column":1}}}},"branchMap":{"0":{"loc":{"start":{"line":56,"column":4},"end":{"line":59,"column":5}},"type":"if","locations":[{"start":{"line":56,"column":4},"end":{"line":59,"column":5}}]},"1":{"loc":{"start":{"line":62,"column":4},"end":{"line":65,"column":5}},"type":"if","locations":[{"start":{"line":62,"column":4},"end":{"line":65,"column":5}}]},"2":{"loc":{"start":{"line":80,"column":4},"end":{"line":83,"column":5}},"type":"if","locations":[{"start":{"line":80,"column":4},"end":{"line":83,"column":5}}]},"3":{"loc":{"start":{"line":90,"column":4},"end":{"line":93,"column":5}},"type":"if","locations":[{"start":{"line":90,"column":4},"end":{"line":93,"column":5}}]}},"s":{"0":5,"1":5,"2":5,"3":1,"4":1,"5":1,"6":1,"7":0,"8":5,"9":2,"10":2,"11":2,"12":2,"13":2,"14":2,"15":2,"16":2,"17":2,"18":2,"19":0,"20":5,"21":2,"22":2,"23":2,"24":2,"25":2,"26":1,"27":1,"28":1,"29":1,"30":0,"31":0,"32":1,"33":1,"34":0,"35":0,"36":5,"37":2,"38":2,"39":2,"40":2,"41":2,"42":0,"43":0,"44":2,"45":2,"46":2,"47":2,"48":1,"49":1,"50":1,"51":1,"52":0,"53":0,"54":5},"f":{"0":1,"1":1,"2":2,"3":2,"4":2,"5":2,"6":2,"7":2},"b":{"0":[1],"1":[0],"2":[0],"3":[1]}}
,"C:\\Users\\yaish\\OneDrive\\שולחן העבודה\\WeRent\\serverSide\\src\\models\\apartment_model.ts": {"path":"C:\\Users\\yaish\\OneDrive\\שולחן העבודה\\WeRent\\serverSide\\src\\models\\apartment_model.ts","statementMap":{"0":{"start":{"line":1,"column":0},"end":{"line":1,"column":54}},"1":{"start":{"line":30,"column":44},"end":{"line":122,"column":2}},"2":{"start":{"line":124,"column":18},"end":{"line":124,"column":74}},"3":{"start":{"line":126,"column":0},"end":{"line":126,"column":25}}},"fnMap":{},"branchMap":{},"s":{"0":5,"1":5,"2":5,"3":5},"f":{},"b":{}}
,"C:\\Users\\yaish\\OneDrive\\שולחן העבודה\\WeRent\\serverSide\\src\\models\\user_model.ts": {"path":"C:\\Users\\yaish\\OneDrive\\שולחן העבודה\\WeRent\\serverSide\\src\\models\\user_model.ts","statementMap":{"0":{"start":{"line":1,"column":0},"end":{"line":1,"column":54}},"1":{"start":{"line":3,"column":0},"end":{"line":3,"column":null}},"2":{"start":{"line":4,"column":2},"end":{"line":4,"column":null}},"3":{"start":{"line":5,"column":2},"end":{"line":5,"column":null}},"4":{"start":{"line":6,"column":2},"end":{"line":6,"column":null}},"5":{"start":{"line":20,"column":34},"end":{"line":57,"column":2}},"6":{"start":{"line":59,"column":13},"end":{"line":59,"column":54}},"7":{"start":{"line":61,"column":0},"end":{"line":61,"column":20}}},"fnMap":{"0":{"name":"(anonymous_1)","decl":{"start":{"line":3,"column":0},"end":{"line":3,"column":12}},"loc":{"start":{"line":3,"column":20},"end":{"line":7,"column":1}}}},"branchMap":{"0":{"loc":{"start":{"line":3,"column":12},"end":{"line":3,"column":null}},"type":"binary-expr","locations":[{"start":{"line":3,"column":12},"end":{"line":3,"column":20}},{"start":{"line":3,"column":20},"end":{"line":3,"column":null}}]}},"s":{"0":5,"1":5,"2":5,"3":5,"4":5,"5":5,"6":5,"7":5},"f":{"0":5},"b":{"0":[5,5]}}
,"C:\\Users\\yaish\\OneDrive\\שולחן העבודה\\WeRent\\serverSide\\src\\models\\user_review_model.ts": {"path":"C:\\Users\\yaish\\OneDrive\\שולחן העבודה\\WeRent\\serverSide\\src\\models\\user_review_model.ts","statementMap":{"0":{"start":{"line":1,"column":0},"end":{"line":1,"column":61}},"1":{"start":{"line":11,"column":46},"end":{"line":33,"column":2}},"2":{"start":{"line":35,"column":19},"end":{"line":35,"column":78}},"3":{"start":{"line":36,"column":0},"end":{"line":36,"column":26}}},"fnMap":{},"branchMap":{},"s":{"0":5,"1":5,"2":5,"3":5},"f":{},"b":{}}
,"C:\\Users\\yaish\\OneDrive\\שולחן העבודה\\WeRent\\serverSide\\src\\routes\\apartment_route.ts": {"path":"C:\\Users\\yaish\\OneDrive\\שולחן העבודה\\WeRent\\serverSide\\src\\routes\\apartment_route.ts","statementMap":{"0":{"start":{"line":1,"column":0},"end":{"line":1,"column":30}},"1":{"start":{"line":2,"column":0},"end":{"line":2,"column":70}},"2":{"start":{"line":3,"column":0},"end":{"line":3,"column":55}},"3":{"start":{"line":4,"column":0},"end":{"line":4,"column":57}},"4":{"start":{"line":6,"column":15},"end":{"line":6,"column":31}},"5":{"start":{"line":244,"column":0},"end":{"line":244,"column":54}},"6":{"start":{"line":280,"column":0},"end":{"line":280,"column":57}},"7":{"start":{"line":335,"column":0},"end":{"line":340,"column":2}},"8":{"start":{"line":395,"column":0},"end":{"line":395,"column":77}},"9":{"start":{"line":443,"column":0},"end":{"line":447,"column":2}},"10":{"start":{"line":449,"column":0},"end":{"line":449,"column":22}}},"fnMap":{},"branchMap":{},"s":{"0":5,"1":5,"2":5,"3":5,"4":5,"5":5,"6":5,"7":5,"8":5,"9":5,"10":5},"f":{},"b":{}}
,"C:\\Users\\yaish\\OneDrive\\שולחן העבודה\\WeRent\\serverSide\\src\\routes\\auth_route.ts": {"path":"C:\\Users\\yaish\\OneDrive\\שולחן העבודה\\WeRent\\serverSide\\src\\routes\\auth_route.ts","statementMap":{"0":{"start":{"line":1,"column":0},"end":{"line":1,"column":30}},"1":{"start":{"line":2,"column":15},"end":{"line":2,"column":31}},"2":{"start":{"line":3,"column":0},"end":{"line":3,"column":60}},"3":{"start":{"line":101,"column":0},"end":{"line":101,"column":50}},"4":{"start":{"line":102,"column":0},"end":{"line":102,"column":52}},"5":{"start":{"line":186,"column":0},"end":{"line":186,"column":44}},"6":{"start":{"line":203,"column":0},"end":{"line":203,"column":45}},"7":{"start":{"line":230,"column":0},"end":{"line":230,"column":47}},"8":{"start":{"line":231,"column":0},"end":{"line":231,"column":54}},"9":{"start":{"line":233,"column":0},"end":{"line":233,"column":22}}},"fnMap":{},"branchMap":{},"s":{"0":5,"1":5,"2":5,"3":5,"4":5,"5":5,"6":5,"7":5,"8":5,"9":5},"f":{},"b":{}}
,"C:\\Users\\yaish\\OneDrive\\שולחן העבודה\\WeRent\\serverSide\\src\\routes\\file_route.ts": {"path":"C:\\Users\\yaish\\OneDrive\\שולחן העבודה\\WeRent\\serverSide\\src\\routes\\file_route.ts","statementMap":{"0":{"start":{"line":1,"column":0},"end":{"line":1,"column":30}},"1":{"start":{"line":2,"column":15},"end":{"line":2,"column":31}},"2":{"start":{"line":3,"column":0},"end":{"line":3,"column":28}},"3":{"start":{"line":7,"column":13},"end":{"line":7,"column":37}},"4":{"start":{"line":9,"column":16},"end":{"line":24,"column":2}},"5":{"start":{"line":13,"column":8},"end":{"line":13,"column":null}},"6":{"start":{"line":18,"column":20},"end":{"line":21,"column":22}},"7":{"start":{"line":22,"column":8},"end":{"line":22,"column":null}},"8":{"start":{"line":26,"column":15},"end":{"line":26,"column":43}},"9":{"start":{"line":31,"column":0},"end":{"line":34,"column":3}},"10":{"start":{"line":32,"column":4},"end":{"line":32,"column":null}},"11":{"start":{"line":33,"column":4},"end":{"line":33,"column":null}},"12":{"start":{"line":35,"column":0},"end":{"line":35,"column":16}}},"fnMap":{"0":{"name":"(anonymous_1)","decl":{"start":{"line":12,"column":18},"end":{"line":12,"column":28}},"loc":{"start":{"line":12,"column":41},"end":{"line":14,"column":5}}},"1":{"name":"(anonymous_2)","decl":{"start":{"line":17,"column":14},"end":{"line":17,"column":24}},"loc":{"start":{"line":17,"column":37},"end":{"line":23,"column":5}}},"2":{"name":"(anonymous_3)","decl":{"start":{"line":31,"column":40},"end":{"line":31,"column":50}},"loc":{"start":{"line":31,"column":58},"end":{"line":34,"column":1}}}},"branchMap":{},"s":{"0":5,"1":5,"2":5,"3":5,"4":5,"5":1,"6":1,"7":1,"8":5,"9":5,"10":1,"11":1,"12":5},"f":{"0":1,"1":1,"2":1},"b":{}}
,"C:\\Users\\yaish\\OneDrive\\שולחן העבודה\\WeRent\\serverSide\\src\\routes\\user_review_route.ts": {"path":"C:\\Users\\yaish\\OneDrive\\שולחן העבודה\\WeRent\\serverSide\\src\\routes\\user_review_route.ts","statementMap":{"0":{"start":{"line":1,"column":0},"end":{"line":1,"column":30}},"1":{"start":{"line":2,"column":0},"end":{"line":2,"column":73}},"2":{"start":{"line":3,"column":0},"end":{"line":3,"column":55}},"3":{"start":{"line":5,"column":15},"end":{"line":5,"column":31}},"4":{"start":{"line":76,"column":0},"end":{"line":76,"column":51}},"5":{"start":{"line":103,"column":0},"end":{"line":103,"column":74}},"6":{"start":{"line":150,"column":0},"end":{"line":150,"column":84}},"7":{"start":{"line":184,"column":0},"end":{"line":184,"column":73}},"8":{"start":{"line":186,"column":0},"end":{"line":186,"column":22}}},"fnMap":{},"branchMap":{},"s":{"0":5,"1":5,"2":5,"3":5,"4":5,"5":5,"6":5,"7":5,"8":5},"f":{},"b":{}}
,"C:\\Users\\yaish\\OneDrive\\שולחן העבודה\\WeRent\\serverSide\\src\\routes\\user_route.ts": {"path":"C:\\Users\\yaish\\OneDrive\\שולחן העבודה\\WeRent\\serverSide\\src\\routes\\user_route.ts","statementMap":{"0":{"start":{"line":1,"column":0},"end":{"line":1,"column":30}},"1":{"start":{"line":2,"column":0},"end":{"line":2,"column":60}},"2":{"start":{"line":3,"column":0},"end":{"line":3,"column":55}},"3":{"start":{"line":4,"column":0},"end":{"line":4,"column":57}},"4":{"start":{"line":5,"column":0},"end":{"line":5,"column":57}},"5":{"start":{"line":8,"column":15},"end":{"line":8,"column":31}},"6":{"start":{"line":61,"column":0},"end":{"line":61,"column":74}},"7":{"start":{"line":106,"column":0},"end":{"line":106,"column":64}},"8":{"start":{"line":168,"column":0},"end":{"line":168,"column":81}},"9":{"start":{"line":217,"column":0},"end":{"line":217,"column":86}},"10":{"start":{"line":259,"column":0},"end":{"line":259,"column":88}},"11":{"start":{"line":332,"column":0},"end":{"line":332,"column":82}},"12":{"start":{"line":365,"column":0},"end":{"line":365,"column":67}},"13":{"start":{"line":366,"column":0},"end":{"line":366,"column":80}},"14":{"start":{"line":367,"column":0},"end":{"line":367,"column":70}},"15":{"start":{"line":370,"column":0},"end":{"line":370,"column":22}}},"fnMap":{},"branchMap":{},"s":{"0":5,"1":5,"2":5,"3":5,"4":5,"5":5,"6":5,"7":5,"8":5,"9":5,"10":5,"11":5,"12":5,"13":5,"14":5,"15":5},"f":{},"b":{}}
}
