TN:
SF:src\app.ts
FN:13,(anonymous_1)
FN:14,(anonymous_2)
FN:16,(anonymous_3)
FN:17,(anonymous_4)
FN:19,(anonymous_5)
FN:36,(anonymous_6)
FNF:6
FNH:5
FNDA:5,(anonymous_1)
FNDA:5,(anonymous_2)
FNDA:0,(anonymous_3)
FNDA:5,(anonymous_4)
FNDA:5,(anonymous_5)
FNDA:1,(anonymous_6)
DA:1,5
DA:2,5
DA:3,5
DA:4,5
DA:5,5
DA:6,5
DA:7,5
DA:8,5
DA:9,5
DA:10,5
DA:11,5
DA:13,5
DA:14,5
DA:15,5
DA:16,5
DA:17,5
DA:18,5
DA:19,5
DA:20,5
DA:22,5
DA:23,5
DA:26,5
DA:29,5
DA:30,5
DA:31,5
DA:32,5
DA:33,5
DA:34,5
DA:35,5
DA:36,5
DA:37,1
DA:39,5
DA:42,5
DA:45,5
LF:34
LH:34
BRF:0
BRH:0
end_of_record
TN:
SF:src\common\admin_middleware.ts
FN:10,(anonymous_14)
FN:10,(anonymous_15)
FNF:2
FNH:2
FNDA:11,(anonymous_14)
FNDA:11,(anonymous_15)
DA:2,5
DA:3,5
DA:10,11
DA:11,11
DA:12,11
DA:13,0
DA:15,11
DA:16,11
DA:17,0
DA:20,11
DA:21,11
DA:24,11
DA:26,11
DA:28,9
DA:31,2
DA:37,5
LF:16
LH:14
BRDA:12,0,0,0
BRDA:16,1,0,0
BRDA:26,2,0,9
BRDA:26,2,1,2
BRF:4
BRH:2
end_of_record
TN:
SF:src\common\auth_middleware.ts
FN:13,(anonymous_8)
FN:13,(anonymous_9)
FN:24,(anonymous_10)
FNF:3
FNH:3
FNDA:45,(anonymous_8)
FNDA:45,(anonymous_9)
FNDA:44,(anonymous_10)
DA:2,5
DA:13,45
DA:14,45
DA:15,45
DA:16,1
DA:18,44
DA:19,44
DA:20,0
DA:23,44
DA:24,44
DA:25,44
DA:27,2
DA:30,42
DA:31,42
DA:32,42
DA:33,42
DA:36,0
DA:37,0
DA:42,5
LF:19
LH:16
BRDA:15,0,0,1
BRDA:19,1,0,0
BRDA:25,2,0,2
BRDA:31,3,0,42
BRDA:31,3,1,42
BRF:5
BRH:4
end_of_record
TN:
SF:src\common\owner_middleware.ts
FN:10,(anonymous_14)
FN:10,(anonymous_15)
FNF:2
FNH:2
FNDA:8,(anonymous_14)
FNDA:8,(anonymous_15)
DA:2,5
DA:3,5
DA:10,8
DA:11,8
DA:12,8
DA:13,0
DA:15,8
DA:16,8
DA:17,0
DA:20,8
DA:21,8
DA:24,8
DA:25,8
DA:27,6
DA:30,2
DA:36,5
LF:16
LH:14
BRDA:12,0,0,0
BRDA:16,1,0,0
BRDA:25,2,0,6
BRDA:25,2,1,2
BRF:4
BRH:2
end_of_record
TN:
SF:src\controllers\apartment_controller.ts
FN:13,(anonymous_14)
FN:13,(anonymous_15)
FN:22,(anonymous_16)
FN:22,(anonymous_17)
FN:41,(anonymous_18)
FN:44,(anonymous_19)
FN:69,(anonymous_20)
FN:72,(anonymous_21)
FN:159,(anonymous_22)
FN:162,(anonymous_23)
FNF:10
FNH:10
FNDA:2,(anonymous_14)
FNDA:2,(anonymous_15)
FNDA:3,(anonymous_16)
FNDA:3,(anonymous_17)
FNDA:3,(anonymous_18)
FNDA:3,(anonymous_19)
FNDA:3,(anonymous_20)
FNDA:3,(anonymous_21)
FNDA:3,(anonymous_22)
FNDA:3,(anonymous_23)
DA:2,5
DA:3,5
DA:13,5
DA:14,2
DA:15,2
DA:16,2
DA:18,0
DA:22,5
DA:23,3
DA:24,3
DA:25,3
DA:27,2
DA:29,1
DA:30,1
DA:33,1
DA:36,1
DA:37,1
DA:41,5
DA:44,3
DA:45,3
DA:46,3
DA:47,3
DA:48,3
DA:50,2
DA:51,2
DA:54,2
DA:55,2
DA:61,2
DA:64,1
DA:65,1
DA:69,5
DA:72,3
DA:73,3
DA:74,3
DA:75,3
DA:77,3
DA:78,3
DA:79,1
DA:80,1
DA:83,2
DA:86,2
DA:87,2
DA:89,2
DA:93,0
DA:94,0
DA:97,2
DA:127,2
DA:128,0
DA:129,0
DA:131,2
DA:134,2
DA:140,2
DA:141,0
DA:142,0
DA:146,2
DA:152,2
DA:154,0
DA:155,0
DA:159,5
DA:162,3
DA:163,3
DA:164,3
DA:165,3
DA:167,2
DA:168,2
DA:169,2
DA:171,2
DA:173,2
DA:174,0
DA:175,0
DA:178,2
DA:179,0
DA:180,0
DA:183,2
DA:185,2
DA:191,2
DA:193,1
DA:194,1
DA:198,5
LF:79
LH:66
BRDA:27,0,0,1
BRDA:54,1,0,2
BRDA:78,2,0,1
BRDA:89,3,0,0
BRDA:90,4,0,2
BRDA:90,4,1,1
BRDA:127,5,0,0
BRDA:140,6,0,0
BRDA:173,7,0,0
BRDA:178,8,0,0
BRDA:178,9,0,2
BRDA:178,9,1,1
BRF:12
BRH:7
end_of_record
TN:
SF:src\controllers\auth_controller.ts
FN:10,(anonymous_8)
FN:10,(anonymous_9)
FN:44,(anonymous_10)
FN:44,(anonymous_11)
FN:95,(anonymous_12)
FN:95,(anonymous_13)
FN:119,(anonymous_14)
FN:119,(anonymous_15)
FN:149,(anonymous_16)
FN:149,(anonymous_17)
FN:158,(anonymous_18)
FN:158,(anonymous_19)
FN:171,(anonymous_20)
FN:183,(anonymous_21)
FN:183,(anonymous_22)
FN:193,(anonymous_23)
FN:193,(anonymous_24)
FN:217,(anonymous_25)
FN:233,(anonymous_26)
FN:239,(anonymous_27)
FNF:20
FNH:19
FNDA:1,(anonymous_8)
FNDA:1,(anonymous_9)
FNDA:18,(anonymous_10)
FNDA:18,(anonymous_11)
FNDA:10,(anonymous_12)
FNDA:10,(anonymous_13)
FNDA:12,(anonymous_14)
FNDA:12,(anonymous_15)
FNDA:2,(anonymous_16)
FNDA:2,(anonymous_17)
FNDA:1,(anonymous_18)
FNDA:1,(anonymous_19)
FNDA:0,(anonymous_20)
FNDA:3,(anonymous_21)
FNDA:3,(anonymous_22)
FNDA:1,(anonymous_23)
FNDA:1,(anonymous_24)
FNDA:1,(anonymous_25)
FNDA:3,(anonymous_26)
FNDA:2,(anonymous_27)
DA:2,5
DA:3,5
DA:4,5
DA:5,5
DA:7,5
DA:10,5
DA:11,1
DA:12,1
DA:13,1
DA:17,0
DA:18,0
DA:19,0
DA:20,0
DA:21,0
DA:22,0
DA:29,0
DA:30,0
DA:39,1
DA:44,18
DA:45,18
DA:46,18
DA:47,18
DA:48,18
DA:49,18
DA:51,18
DA:52,5
DA:56,13
DA:57,13
DA:58,1
DA:62,12
DA:63,12
DA:64,1
DA:68,11
DA:69,0
DA:74,11
DA:75,11
DA:76,11
DA:77,1
DA:80,10
DA:81,10
DA:82,10
DA:89,10
DA:91,0
DA:95,10
DA:96,10
DA:102,10
DA:107,10
DA:108,0
DA:110,10
DA:112,10
DA:113,10
DA:119,12
DA:120,12
DA:121,12
DA:122,12
DA:123,12
DA:124,12
DA:125,1
DA:127,11
DA:128,11
DA:129,11
DA:130,1
DA:132,10
DA:133,10
DA:135,10
DA:136,10
DA:137,0
DA:140,10
DA:141,10
DA:145,0
DA:149,5
DA:150,2
DA:151,2
DA:152,2
DA:153,1
DA:155,1
DA:158,1
DA:159,1
DA:160,1
DA:161,1
DA:163,0
DA:164,0
DA:165,0
DA:166,0
DA:167,0
DA:168,0
DA:170,0
DA:171,0
DA:173,0
DA:174,0
DA:177,0
DA:183,5
DA:184,3
DA:185,3
DA:187,3
DA:188,2
DA:190,1
DA:193,1
DA:194,1
DA:195,0
DA:197,1
DA:198,1
DA:199,1
DA:200,0
DA:201,0
DA:206,1
DA:211,1
DA:216,1
DA:217,1
DA:219,1
DA:220,1
DA:222,1
DA:227,0
DA:233,5
DA:234,3
DA:236,3
DA:237,1
DA:239,2
DA:240,2
DA:241,1
DA:244,1
DA:248,5
LF:122
LH:94
BRDA:18,0,0,0
BRDA:18,0,1,0
BRDA:18,1,0,0
BRDA:18,1,1,0
BRDA:19,2,0,0
BRDA:21,3,0,0
BRDA:23,4,0,0
BRDA:23,4,1,0
BRDA:23,5,0,0
BRDA:23,5,1,0
BRDA:26,6,0,0
BRDA:26,6,1,0
BRDA:26,7,0,0
BRDA:26,7,1,0
BRDA:51,8,0,5
BRDA:51,9,0,18
BRDA:51,9,1,16
BRDA:51,9,2,15
BRDA:51,9,3,14
BRDA:57,10,0,1
BRDA:63,11,0,1
BRDA:68,12,0,0
BRDA:76,13,0,1
BRDA:107,14,0,0
BRDA:107,14,1,10
BRDA:124,15,0,1
BRDA:124,16,0,12
BRDA:124,16,1,11
BRDA:124,16,2,11
BRDA:129,17,0,1
BRDA:136,18,0,0
BRDA:151,19,0,2
BRDA:151,19,1,1
BRDA:152,20,0,1
BRDA:160,21,0,1
BRDA:165,22,0,0
BRDA:165,22,1,0
BRDA:165,23,0,0
BRDA:165,23,1,0
BRDA:185,24,0,3
BRDA:185,24,1,2
BRDA:187,25,0,2
BRDA:194,26,0,0
BRDA:199,27,0,0
BRDA:199,28,0,1
BRDA:199,28,1,1
BRDA:236,29,0,1
BRDA:240,30,0,1
BRF:48
BRH:25
end_of_record
TN:
SF:src\controllers\user_controller.ts
FN:13,(anonymous_8)
FN:13,(anonymous_9)
FN:22,(anonymous_10)
FN:22,(anonymous_11)
FN:42,(anonymous_12)
FN:42,(anonymous_13)
FN:53,(anonymous_14)
FN:53,(anonymous_15)
FN:89,(anonymous_16)
FN:89,(anonymous_17)
FN:115,(anonymous_18)
FN:118,(anonymous_19)
FN:160,(anonymous_20)
FN:163,(anonymous_21)
FN:187,(anonymous_22)
FN:190,(anonymous_23)
FN:211,(anonymous_24)
FN:211,(anonymous_25)
FNF:18
FNH:18
FNDA:3,(anonymous_8)
FNDA:3,(anonymous_9)
FNDA:4,(anonymous_10)
FNDA:4,(anonymous_11)
FNDA:1,(anonymous_12)
FNDA:1,(anonymous_13)
FNDA:4,(anonymous_14)
FNDA:4,(anonymous_15)
FNDA:2,(anonymous_16)
FNDA:2,(anonymous_17)
FNDA:2,(anonymous_18)
FNDA:2,(anonymous_19)
FNDA:3,(anonymous_20)
FNDA:3,(anonymous_21)
FNDA:3,(anonymous_22)
FNDA:3,(anonymous_23)
FNDA:1,(anonymous_24)
FNDA:1,(anonymous_25)
DA:2,5
DA:3,5
DA:4,5
DA:13,5
DA:14,3
DA:15,3
DA:16,3
DA:18,0
DA:22,5
DA:23,4
DA:24,4
DA:27,4
DA:30,3
DA:31,1
DA:32,1
DA:35,2
DA:37,1
DA:38,1
DA:42,5
DA:43,1
DA:44,1
DA:45,1
DA:47,1
DA:49,0
DA:53,5
DA:54,4
DA:55,4
DA:56,4
DA:58,3
DA:59,3
DA:60,1
DA:65,1
DA:68,2
DA:69,2
DA:71,2
DA:77,2
DA:78,1
DA:79,1
DA:82,1
DA:84,1
DA:85,1
DA:89,5
DA:90,2
DA:91,2
DA:93,2
DA:94,0
DA:95,0
DA:98,2
DA:100,2
DA:101,1
DA:102,1
DA:106,1
DA:108,1
DA:110,0
DA:111,0
DA:115,5
DA:118,2
DA:119,2
DA:121,2
DA:122,0
DA:123,0
DA:126,2
DA:127,2
DA:128,2
DA:129,1
DA:134,1
DA:137,1
DA:138,1
DA:139,1
DA:140,1
DA:142,1
DA:147,1
DA:148,1
DA:149,0
DA:150,0
DA:153,1
DA:155,0
DA:156,0
DA:160,5
DA:163,3
DA:164,3
DA:165,3
DA:168,3
DA:172,3
DA:173,0
DA:174,0
DA:177,3
DA:180,3
DA:182,0
DA:183,0
DA:187,5
DA:190,3
DA:191,3
DA:192,3
DA:193,3
DA:195,3
DA:197,3
DA:198,0
DA:199,0
DA:202,3
DA:203,2
DA:204,2
DA:206,1
DA:207,1
DA:211,5
DA:212,1
DA:213,1
DA:215,1
DA:216,0
DA:217,0
DA:220,1
DA:221,1
DA:222,1
DA:223,0
DA:224,0
DA:227,1
DA:232,1
DA:233,1
DA:234,0
DA:235,0
DA:238,1
DA:240,0
DA:241,0
DA:245,5
LF:124
LH:98
BRDA:30,0,0,1
BRDA:59,1,0,1
BRDA:59,2,0,3
BRDA:59,2,1,1
BRDA:59,2,2,1
BRDA:77,3,0,1
BRDA:93,4,0,0
BRDA:100,5,0,1
BRDA:121,6,0,0
BRDA:128,7,0,1
BRDA:128,8,0,2
BRDA:128,8,1,1
BRDA:128,8,2,1
BRDA:128,8,3,1
BRDA:148,9,0,0
BRDA:172,10,0,0
BRDA:177,11,0,3
BRDA:177,11,1,0
BRDA:197,12,0,0
BRDA:215,13,0,0
BRDA:222,14,0,0
BRDA:233,15,0,0
BRF:22
BRH:13
end_of_record
TN:
SF:src\controllers\user_review_controller.ts
FN:24,(anonymous_8)
FN:24,(anonymous_9)
FN:34,(anonymous_10)
FN:34,(anonymous_11)
FN:51,(anonymous_12)
FN:51,(anonymous_13)
FN:75,(anonymous_14)
FN:75,(anonymous_15)
FNF:8
FNH:8
FNDA:1,(anonymous_8)
FNDA:1,(anonymous_9)
FNDA:2,(anonymous_10)
FNDA:2,(anonymous_11)
FNDA:2,(anonymous_12)
FNDA:2,(anonymous_13)
FNDA:2,(anonymous_14)
FNDA:2,(anonymous_15)
DA:2,5
DA:3,5
DA:24,5
DA:25,1
DA:26,1
DA:27,1
DA:29,0
DA:34,5
DA:35,2
DA:36,2
DA:38,2
DA:39,2
DA:40,2
DA:41,2
DA:42,2
DA:43,2
DA:44,2
DA:46,0
DA:51,5
DA:52,2
DA:53,2
DA:55,2
DA:56,2
DA:57,1
DA:58,1
DA:61,1
DA:62,1
DA:63,0
DA:64,0
DA:67,1
DA:68,1
DA:70,0
DA:71,0
DA:75,5
DA:76,2
DA:77,2
DA:79,2
DA:80,2
DA:81,0
DA:82,0
DA:85,2
DA:87,2
DA:88,2
DA:90,2
DA:91,1
DA:92,1
DA:95,1
DA:96,1
DA:98,0
DA:99,0
DA:106,5
LF:51
LH:41
BRDA:56,0,0,1
BRDA:62,1,0,0
BRDA:80,2,0,0
BRDA:90,3,0,1
BRF:4
BRH:2
end_of_record
TN:
SF:src\models\apartment_model.ts
FNF:0
FNH:0
DA:1,5
DA:30,5
DA:124,5
DA:126,5
LF:4
LH:4
BRF:0
BRH:0
end_of_record
TN:
SF:src\models\user_model.ts
FN:3,(anonymous_1)
FNF:1
FNH:1
FNDA:5,(anonymous_1)
DA:1,5
DA:3,5
DA:4,5
DA:5,5
DA:6,5
DA:20,5
DA:59,5
DA:61,5
LF:8
LH:8
BRDA:3,0,0,5
BRDA:3,0,1,5
BRF:2
BRH:2
end_of_record
TN:
SF:src\models\user_review_model.ts
FNF:0
FNH:0
DA:1,5
DA:11,5
DA:35,5
DA:36,5
LF:4
LH:4
BRF:0
BRH:0
end_of_record
TN:
SF:src\routes\apartment_route.ts
FNF:0
FNH:0
DA:1,5
DA:2,5
DA:3,5
DA:4,5
DA:6,5
DA:244,5
DA:280,5
DA:335,5
DA:395,5
DA:443,5
DA:449,5
LF:11
LH:11
BRF:0
BRH:0
end_of_record
TN:
SF:src\routes\auth_route.ts
FNF:0
FNH:0
DA:1,5
DA:2,5
DA:3,5
DA:101,5
DA:102,5
DA:186,5
DA:203,5
DA:230,5
DA:231,5
DA:233,5
LF:10
LH:10
BRF:0
BRH:0
end_of_record
TN:
SF:src\routes\file_route.ts
FN:12,(anonymous_1)
FN:17,(anonymous_2)
FN:31,(anonymous_3)
FNF:3
FNH:3
FNDA:1,(anonymous_1)
FNDA:1,(anonymous_2)
FNDA:1,(anonymous_3)
DA:1,5
DA:2,5
DA:3,5
DA:7,5
DA:9,5
DA:13,1
DA:18,1
DA:22,1
DA:26,5
DA:31,5
DA:32,1
DA:33,1
DA:35,5
LF:13
LH:13
BRF:0
BRH:0
end_of_record
TN:
SF:src\routes\user_review_route.ts
FNF:0
FNH:0
DA:1,5
DA:2,5
DA:3,5
DA:5,5
DA:76,5
DA:103,5
DA:150,5
DA:184,5
DA:186,5
LF:9
LH:9
BRF:0
BRH:0
end_of_record
TN:
SF:src\routes\user_route.ts
FNF:0
FNH:0
DA:1,5
DA:2,5
DA:3,5
DA:4,5
DA:5,5
DA:8,5
DA:61,5
DA:106,5
DA:168,5
DA:217,5
DA:259,5
DA:332,5
DA:365,5
DA:366,5
DA:367,5
DA:370,5
LF:16
LH:16
BRF:0
BRH:0
end_of_record
